2025-06-01 15:50:17,856 - __main__ - INFO - Pipeline started. Project Root: C:\Users\Larry\Documents\horse_racing_project
2025-06-01 15:50:17,856 - __main__ - INFO - Using settings: RAW_DATA_DIR=C:\Users\Larry\Documents\horse_racing_project\data\raw, PROCESSED_DATA_DIR=C:\Users\Larry\Documents\horse_racing_project\data\processed, CACHE_DIR=C:\Users\Larry\Documents\horse_racing_project\data\cache
2025-06-01 15:50:17,857 - __main__ - INFO - === Starting Horse Racing Data Pipeline ===
2025-06-01 15:50:17,857 - __main__ - INFO - Searching for DRF files in: C:\Users\Larry\Documents\horse_racing_project\data\raw with pattern: '*DRF'
2025-06-01 15:50:17,858 - __main__ - INFO - Using DRF file: CDX0503.DRF
2025-06-01 15:50:17,859 - __main__ - INFO - --- Step 1: Parsing DRF file (using src/parsers/bris_spec_new.py) ---
2025-06-01 15:50:17,859 - src.parsers.bris_spec_new - INFO - --- bris_spec_new.main() starting ---
2025-06-01 15:50:17,860 - src.parsers.bris_spec_new - INFO - Processing DRF file provided as argument: C:\Users\Larry\Documents\horse_racing_project\data\raw\CDX0503.DRF
2025-06-01 15:50:17,860 - src.parsers.bris_spec_new - INFO - Loading specification cache from: C:\Users\Larry\Documents\horse_racing_project\data\cache\bris_spec.pkl
2025-06-01 15:50:17,878 - src.parsers.bris_spec_new - INFO - Parsing field types from: C:\Users\Larry\Documents\horse_racing_project\data\raw\bris_dict.txt
2025-06-01 15:50:17,902 - src.parsers.bris_spec_new - INFO - Parsed types for 190 fields from bris_dict.txt.
2025-06-01 15:50:17,904 - src.parsers.bris_spec_new - INFO - 
Attempting to parse CDX0503.DRF as comma-delimited...
2025-06-01 15:50:17,905 - src.parsers.bris_spec_new - INFO - Excluding columns starting with 'reserved'. Using 1321 out of 1435 columns.
2025-06-01 15:50:18,017 - src.parsers.bris_spec_new - INFO - Parsing successful. Read 187 lines from CDX0503.DRF.
2025-06-01 15:50:18,018 - src.parsers.bris_spec_new - INFO - 
Identifying column types using parsed bris_dict.txt info...
2025-06-01 15:50:18,066 - src.parsers.bris_spec_new - INFO - Identified 123 numeric columns using spec.
2025-06-01 15:50:18,066 - src.parsers.bris_spec_new - INFO - Identified 21 date columns using spec.
2025-06-01 15:50:18,067 - src.parsers.bris_spec_new - INFO - 
Attempting data type conversions...
2025-06-01 15:50:18,069 - src.parsers.bris_spec_new - INFO - Converting 123 columns to numeric...
2025-06-01 15:50:18,093 - src.parsers.bris_spec_new - INFO - Successfully converted 123 numeric columns.
2025-06-01 15:50:18,094 - src.parsers.bris_spec_new - INFO - Converting 21 columns to datetime...
2025-06-01 15:50:18,107 - src.parsers.bris_spec_new - INFO - Successfully converted 21 date columns.
2025-06-01 15:50:18,124 - src.parsers.bris_spec_new - INFO - 
Saving the processed data to Parquet file: C:\Users\Larry\Documents\horse_racing_project\data\processed\parsed_race_data_full.parquet
2025-06-01 15:50:18,505 - src.parsers.bris_spec_new - INFO - 
Successfully saved final data to: C:\Users\Larry\Documents\horse_racing_project\data\processed\parsed_race_data_full.parquet
2025-06-01 15:50:18,505 - src.parsers.bris_spec_new - INFO - Final DataFrame shape: (187, 1332)
2025-06-01 15:50:18,506 - src.parsers.bris_spec_new - INFO - Final DataFrame Info:
2025-06-01 15:50:18,506 - src.parsers.bris_spec_new - INFO - --- bris_spec_new.main() finished ---
2025-06-01 15:50:18,508 - __main__ - INFO - --- Step 1: Parsing DRF file completed ---
2025-06-01 15:50:18,509 - __main__ - INFO - --- Step 2: Creating current race info ---
2025-06-01 15:50:21,305 - src.transformers.current_race_info - INFO - --- Creating Current Race Info File (2025-06-01 15:50:21 EDT) ---
2025-06-01 15:50:21,306 - src.transformers.current_race_info - INFO - Loading wide format data from: C:\Users\Larry\Documents\horse_racing_project\data\processed\parsed_race_data_full.parquet
2025-06-01 15:50:21,845 - src.transformers.current_race_info - INFO - Loaded wide data with shape: (187, 1332)
2025-06-01 15:50:21,851 - src.transformers.current_race_info - INFO - 
Dropping 1018 wide workout/past performance columns...
2025-06-01 15:50:21,868 - src.transformers.current_race_info - INFO - DataFrame shape after dropping columns: (187, 335)
2025-06-01 15:50:21,868 - src.transformers.current_race_info - INFO - Number of columns actually dropped: 997
2025-06-01 15:50:21,869 - src.transformers.current_race_info - INFO - 
Saving current race info data to: C:\Users\Larry\Documents\horse_racing_project\data\processed\current_race_info.parquet
2025-06-01 15:50:21,909 - src.transformers.current_race_info - INFO - Save complete.
2025-06-01 15:50:21,909 - src.transformers.current_race_info - INFO - 
Output DataFrame Info:
2025-06-01 15:50:21,910 - src.transformers.current_race_info - INFO - 
--- Script Finished (2025-06-01 15:50:21 EDT) ---
2025-06-01 15:50:21,912 - __main__ - INFO - --- Step 2: Creating current race info completed ---
2025-06-01 15:50:21,912 - __main__ - INFO - --- Step 3: Transforming workouts ---
2025-06-01 15:50:21,912 - src.transformers.transform_workouts - INFO - --- Starting Workout Data Reshaping (2025-06-01 15:50:21 EDT) ---
2025-06-01 15:50:22,022 - src.transformers.transform_workouts - INFO - Using ID Variables: ['track', 'race', 'post_position', 'horse_name']
2025-06-01 15:50:22,022 - src.transformers.transform_workouts - INFO - Reshaping workout data using specification (Field# -> Actual Column Label)...
2025-06-01 15:50:22,038 - src.transformers.transform_workouts - INFO - Concatenating data for all workouts...
2025-06-01 15:50:22,041 - src.transformers.transform_workouts - INFO - Raw concatenated workout data shape: (2244, 14)
2025-06-01 15:50:22,052 - src.transformers.transform_workouts - INFO - Saving long format workout data to: C:\Users\Larry\Documents\horse_racing_project\data\processed\workouts_long_format.parquet
2025-06-01 15:50:22,062 - src.transformers.transform_workouts - INFO - Save complete.
2025-06-01 15:50:22,063 - src.transformers.transform_workouts - INFO - Output DataFrame Info:
2025-06-01 15:50:22,070 - src.transformers.transform_workouts - INFO - --- Workout Reshaping Script Finished (2025-06-01 15:50:22 EDT) ---
2025-06-01 15:50:22,073 - __main__ - INFO - --- Step 3: Transforming workouts completed ---
2025-06-01 15:50:22,073 - __main__ - INFO - --- Step 4: Transforming past starts ---
2025-06-01 15:50:22,074 - src.transformers.transform_past_starts - INFO - --- Starting Past Performance Data Reshaping (2025-06-01 15:50:22 EDT) ---
2025-06-01 15:50:22,183 - src.transformers.transform_past_starts - INFO - Using ID Variables: ['track', 'race', 'post_position', 'horse_name']
2025-06-01 15:50:22,183 - src.transformers.transform_past_starts - INFO - Reshaping past performance data using specification and pd.melt...
2025-06-01 15:50:22,604 - src.transformers.transform_past_starts - INFO - Joining 94 melted metric DataFrames...
2025-06-01 15:50:22,604 - src.transformers.transform_past_starts - INFO -   Starting join with 'pp_race_date' (1870 rows)
2025-06-01 15:50:22,605 - src.transformers.transform_past_starts - INFO -   Merging with 'pp_days_since_prev' (1683 rows)
2025-06-01 15:50:22,613 - src.transformers.transform_past_starts - INFO -   Shape after merge: (1870, 7)
2025-06-01 15:50:22,614 - src.transformers.transform_past_starts - INFO -   Merging with 'pp_track_code' (1870 rows)
2025-06-01 15:50:22,618 - src.transformers.transform_past_starts - INFO -   Shape after merge: (1870, 8)
2025-06-01 15:50:22,619 - src.transformers.transform_past_starts - INFO -   Merging with 'pp_track_code_bris' (1870 rows)
2025-06-01 15:50:22,622 - src.transformers.transform_past_starts - INFO -   Shape after merge: (1870, 9)
2025-06-01 15:50:22,624 - src.transformers.transform_past_starts - INFO -   Merging with 'pp_race_num' (1870 rows)
2025-06-01 15:50:22,628 - src.transformers.transform_past_starts - INFO -   Shape after merge: (1870, 10)
2025-06-01 15:50:22,629 - src.transformers.transform_past_starts - INFO -   Merging with 'pp_track_condition' (1870 rows)
2025-06-01 15:50:22,633 - src.transformers.transform_past_starts - INFO -   Shape after merge: (1870, 11)
2025-06-01 15:50:22,634 - src.transformers.transform_past_starts - INFO -   Merging with 'pp_distance' (1870 rows)
2025-06-01 15:50:22,638 - src.transformers.transform_past_starts - INFO -   Shape after merge: (1870, 12)
2025-06-01 15:50:22,639 - src.transformers.transform_past_starts - INFO -   Merging with 'pp_surface' (1870 rows)
2025-06-01 15:50:22,643 - src.transformers.transform_past_starts - INFO -   Shape after merge: (1870, 13)
2025-06-01 15:50:22,644 - src.transformers.transform_past_starts - INFO -   Merging with 'pp_chute_indicator' (1870 rows)
2025-06-01 15:50:22,648 - src.transformers.transform_past_starts - INFO -   Shape after merge: (1870, 14)
2025-06-01 15:50:22,650 - src.transformers.transform_past_starts - INFO -   Merging with 'pp_num_entrants' (1870 rows)
2025-06-01 15:50:22,654 - src.transformers.transform_past_starts - INFO -   Shape after merge: (1870, 15)
2025-06-01 15:50:22,655 - src.transformers.transform_past_starts - INFO -   Merging with 'pp_post_position' (1870 rows)
2025-06-01 15:50:22,659 - src.transformers.transform_past_starts - INFO -   Shape after merge: (1870, 16)
2025-06-01 15:50:22,660 - src.transformers.transform_past_starts - INFO -   Merging with 'pp_equipment' (1870 rows)
2025-06-01 15:50:22,663 - src.transformers.transform_past_starts - INFO -   Shape after merge: (1870, 17)
2025-06-01 15:50:22,664 - src.transformers.transform_past_starts - INFO -   Merging with 'pp_racename' (1870 rows)
2025-06-01 15:50:22,668 - src.transformers.transform_past_starts - INFO -   Shape after merge: (1870, 18)
2025-06-01 15:50:22,670 - src.transformers.transform_past_starts - INFO -   Merging with 'pp_medication' (1870 rows)
2025-06-01 15:50:22,673 - src.transformers.transform_past_starts - INFO -   Shape after merge: (1870, 19)
2025-06-01 15:50:22,674 - src.transformers.transform_past_starts - INFO -   Merging with 'pp_trip_comment' (1870 rows)
2025-06-01 15:50:22,678 - src.transformers.transform_past_starts - INFO -   Shape after merge: (1870, 20)
2025-06-01 15:50:22,679 - src.transformers.transform_past_starts - INFO -   Merging with 'pp_winner_name' (1870 rows)
2025-06-01 15:50:22,682 - src.transformers.transform_past_starts - INFO -   Shape after merge: (1870, 21)
2025-06-01 15:50:22,684 - src.transformers.transform_past_starts - INFO -   Merging with 'pp_second_name' (1870 rows)
2025-06-01 15:50:22,688 - src.transformers.transform_past_starts - INFO -   Shape after merge: (1870, 22)
2025-06-01 15:50:22,689 - src.transformers.transform_past_starts - INFO -   Merging with 'pp_third_name' (1870 rows)
2025-06-01 15:50:22,694 - src.transformers.transform_past_starts - INFO -   Shape after merge: (1870, 23)
2025-06-01 15:50:22,696 - src.transformers.transform_past_starts - INFO -   Merging with 'pp_winner_weight' (1870 rows)
2025-06-01 15:50:22,701 - src.transformers.transform_past_starts - INFO -   Shape after merge: (1870, 24)
2025-06-01 15:50:22,702 - src.transformers.transform_past_starts - INFO -   Merging with 'pp_second_weight' (1870 rows)
2025-06-01 15:50:22,706 - src.transformers.transform_past_starts - INFO -   Shape after merge: (1870, 25)
2025-06-01 15:50:22,707 - src.transformers.transform_past_starts - INFO -   Merging with 'pp_third_weight' (1870 rows)
2025-06-01 15:50:22,711 - src.transformers.transform_past_starts - INFO -   Shape after merge: (1870, 26)
2025-06-01 15:50:22,711 - src.transformers.transform_past_starts - INFO -   Merging with 'pp_winner_margin' (1870 rows)
2025-06-01 15:50:22,716 - src.transformers.transform_past_starts - INFO -   Shape after merge: (1870, 27)
2025-06-01 15:50:22,717 - src.transformers.transform_past_starts - INFO -   Merging with 'pp_second_margin' (1870 rows)
2025-06-01 15:50:22,721 - src.transformers.transform_past_starts - INFO -   Shape after merge: (1870, 28)
2025-06-01 15:50:22,722 - src.transformers.transform_past_starts - INFO -   Merging with 'pp_third_margin' (1870 rows)
2025-06-01 15:50:22,726 - src.transformers.transform_past_starts - INFO -   Shape after merge: (1870, 29)
2025-06-01 15:50:22,727 - src.transformers.transform_past_starts - INFO -   Merging with 'pp_extra_comment' (1870 rows)
2025-06-01 15:50:22,732 - src.transformers.transform_past_starts - INFO -   Shape after merge: (1870, 30)
2025-06-01 15:50:22,733 - src.transformers.transform_past_starts - INFO -   Merging with 'pp_weight_carried' (1870 rows)
2025-06-01 15:50:22,737 - src.transformers.transform_past_starts - INFO -   Shape after merge: (1870, 31)
2025-06-01 15:50:22,739 - src.transformers.transform_past_starts - INFO -   Merging with 'pp_odds' (1870 rows)
2025-06-01 15:50:22,744 - src.transformers.transform_past_starts - INFO -   Shape after merge: (1870, 32)
2025-06-01 15:50:22,745 - src.transformers.transform_past_starts - INFO -   Merging with 'pp_entry_indicator' (1870 rows)
2025-06-01 15:50:22,749 - src.transformers.transform_past_starts - INFO -   Shape after merge: (1870, 33)
2025-06-01 15:50:22,751 - src.transformers.transform_past_starts - INFO -   Merging with 'pp_race_classification' (1870 rows)
2025-06-01 15:50:22,755 - src.transformers.transform_past_starts - INFO -   Shape after merge: (1870, 34)
2025-06-01 15:50:22,756 - src.transformers.transform_past_starts - INFO -   Merging with 'pp_claiming_price' (1870 rows)
2025-06-01 15:50:22,761 - src.transformers.transform_past_starts - INFO -   Shape after merge: (1870, 35)
2025-06-01 15:50:22,763 - src.transformers.transform_past_starts - INFO -   Merging with 'pp_purse' (1870 rows)
2025-06-01 15:50:22,767 - src.transformers.transform_past_starts - INFO -   Shape after merge: (1870, 36)
2025-06-01 15:50:22,768 - src.transformers.transform_past_starts - INFO -   Merging with 'pp_start_call_pos' (1870 rows)
2025-06-01 15:50:22,772 - src.transformers.transform_past_starts - INFO -   Shape after merge: (1870, 37)
2025-06-01 15:50:22,774 - src.transformers.transform_past_starts - INFO -   Merging with 'pp_first_call_pos' (1870 rows)
2025-06-01 15:50:22,778 - src.transformers.transform_past_starts - INFO -   Shape after merge: (1870, 38)
2025-06-01 15:50:22,779 - src.transformers.transform_past_starts - INFO -   Merging with 'pp_second_call_pos' (1870 rows)
2025-06-01 15:50:22,784 - src.transformers.transform_past_starts - INFO -   Shape after merge: (1870, 39)
2025-06-01 15:50:22,785 - src.transformers.transform_past_starts - INFO -   Merging with 'pp_gate_call_pos' (1870 rows)
2025-06-01 15:50:22,789 - src.transformers.transform_past_starts - INFO -   Shape after merge: (1870, 40)
2025-06-01 15:50:22,791 - src.transformers.transform_past_starts - INFO -   Merging with 'pp_stretch_pos' (1870 rows)
2025-06-01 15:50:22,795 - src.transformers.transform_past_starts - INFO -   Shape after merge: (1870, 41)
2025-06-01 15:50:22,797 - src.transformers.transform_past_starts - INFO -   Merging with 'pp_finish_pos' (1870 rows)
2025-06-01 15:50:22,803 - src.transformers.transform_past_starts - INFO -   Shape after merge: (1870, 42)
2025-06-01 15:50:22,804 - src.transformers.transform_past_starts - INFO -   Merging with 'pp_money_pos' (1870 rows)
2025-06-01 15:50:22,809 - src.transformers.transform_past_starts - INFO -   Shape after merge: (1870, 43)
2025-06-01 15:50:22,810 - src.transformers.transform_past_starts - INFO -   Merging with 'pp_start_lengths_leader' (1870 rows)
2025-06-01 15:50:22,815 - src.transformers.transform_past_starts - INFO -   Shape after merge: (1870, 44)
2025-06-01 15:50:22,816 - src.transformers.transform_past_starts - INFO -   Merging with 'pp_start_lengths_behind' (1870 rows)
2025-06-01 15:50:22,821 - src.transformers.transform_past_starts - INFO -   Shape after merge: (1870, 45)
2025-06-01 15:50:22,823 - src.transformers.transform_past_starts - INFO -   Merging with 'pp_first_call_lengths_leader' (1870 rows)
2025-06-01 15:50:22,827 - src.transformers.transform_past_starts - INFO -   Shape after merge: (1870, 46)
2025-06-01 15:50:22,828 - src.transformers.transform_past_starts - INFO -   Merging with 'pp_first_call_lengths_behind' (1870 rows)
2025-06-01 15:50:22,834 - src.transformers.transform_past_starts - INFO -   Shape after merge: (1870, 47)
2025-06-01 15:50:22,835 - src.transformers.transform_past_starts - INFO -   Merging with 'pp_second_call_lengths_leader' (1870 rows)
2025-06-01 15:50:22,840 - src.transformers.transform_past_starts - INFO -   Shape after merge: (1870, 48)
2025-06-01 15:50:22,841 - src.transformers.transform_past_starts - INFO -   Merging with 'pp_second_call_lengths_behind' (1870 rows)
2025-06-01 15:50:22,847 - src.transformers.transform_past_starts - INFO -   Shape after merge: (1870, 49)
2025-06-01 15:50:22,848 - src.transformers.transform_past_starts - INFO -   Merging with 'pp_bris_shape_1st_call' (1870 rows)
2025-06-01 15:50:22,854 - src.transformers.transform_past_starts - INFO -   Shape after merge: (1870, 50)
2025-06-01 15:50:22,855 - src.transformers.transform_past_starts - INFO -   Merging with 'pp_stretch_lengths_leader' (1870 rows)
2025-06-01 15:50:22,859 - src.transformers.transform_past_starts - INFO -   Shape after merge: (1870, 51)
2025-06-01 15:50:22,861 - src.transformers.transform_past_starts - INFO -   Merging with 'pp_stretch_lengths_behind' (1870 rows)
2025-06-01 15:50:22,866 - src.transformers.transform_past_starts - INFO -   Shape after merge: (1870, 52)
2025-06-01 15:50:22,867 - src.transformers.transform_past_starts - INFO -   Merging with 'pp_finish_lengths_winner' (1870 rows)
2025-06-01 15:50:22,873 - src.transformers.transform_past_starts - INFO -   Shape after merge: (1870, 53)
2025-06-01 15:50:22,874 - src.transformers.transform_past_starts - INFO -   Merging with 'pp_finish_lengths_behind' (1870 rows)
2025-06-01 15:50:22,879 - src.transformers.transform_past_starts - INFO -   Shape after merge: (1870, 54)
2025-06-01 15:50:22,880 - src.transformers.transform_past_starts - INFO -   Merging with 'pp_bris_shape_2nd_call' (1870 rows)
2025-06-01 15:50:22,886 - src.transformers.transform_past_starts - INFO -   Shape after merge: (1870, 55)
2025-06-01 15:50:22,887 - src.transformers.transform_past_starts - INFO -   Merging with 'pp_bris_2f_pace' (1870 rows)
2025-06-01 15:50:22,892 - src.transformers.transform_past_starts - INFO -   Shape after merge: (1870, 56)
2025-06-01 15:50:22,894 - src.transformers.transform_past_starts - INFO -   Merging with 'pp_bris_4f_pace' (1870 rows)
2025-06-01 15:50:22,899 - src.transformers.transform_past_starts - INFO -   Shape after merge: (1870, 57)
2025-06-01 15:50:22,900 - src.transformers.transform_past_starts - INFO -   Merging with 'pp_bris_6f_pace' (1870 rows)
2025-06-01 15:50:22,906 - src.transformers.transform_past_starts - INFO -   Shape after merge: (1870, 58)
2025-06-01 15:50:22,907 - src.transformers.transform_past_starts - INFO -   Merging with 'pp_bris_8f_pace' (1870 rows)
2025-06-01 15:50:22,913 - src.transformers.transform_past_starts - INFO -   Shape after merge: (1870, 59)
2025-06-01 15:50:22,915 - src.transformers.transform_past_starts - INFO -   Merging with 'pp_bris_10f_pace' (1870 rows)
2025-06-01 15:50:22,921 - src.transformers.transform_past_starts - INFO -   Shape after merge: (1870, 60)
2025-06-01 15:50:22,922 - src.transformers.transform_past_starts - INFO -   Merging with 'pp_bris_late_pace' (1870 rows)
2025-06-01 15:50:22,928 - src.transformers.transform_past_starts - INFO -   Shape after merge: (1870, 61)
2025-06-01 15:50:22,930 - src.transformers.transform_past_starts - INFO -   Merging with 'pp_bris_speed_rating' (1870 rows)
2025-06-01 15:50:22,937 - src.transformers.transform_past_starts - INFO -   Shape after merge: (1870, 62)
2025-06-01 15:50:22,938 - src.transformers.transform_past_starts - INFO -   Merging with 'pp_speed_rating_alt' (1870 rows)
2025-06-01 15:50:22,944 - src.transformers.transform_past_starts - INFO -   Shape after merge: (1870, 63)
2025-06-01 15:50:22,945 - src.transformers.transform_past_starts - INFO -   Merging with 'pp_track_variant' (1870 rows)
2025-06-01 15:50:22,952 - src.transformers.transform_past_starts - INFO -   Shape after merge: (1870, 64)
2025-06-01 15:50:22,953 - src.transformers.transform_past_starts - INFO -   Merging with 'pp_frac_2f' (1870 rows)
2025-06-01 15:50:22,959 - src.transformers.transform_past_starts - INFO -   Shape after merge: (1870, 65)
2025-06-01 15:50:22,961 - src.transformers.transform_past_starts - INFO -   Merging with 'pp_frac_3f' (1870 rows)
2025-06-01 15:50:22,967 - src.transformers.transform_past_starts - INFO -   Shape after merge: (1870, 66)
2025-06-01 15:50:22,968 - src.transformers.transform_past_starts - INFO -   Merging with 'pp_frac_4f' (1870 rows)
2025-06-01 15:50:22,974 - src.transformers.transform_past_starts - INFO -   Shape after merge: (1870, 67)
2025-06-01 15:50:22,975 - src.transformers.transform_past_starts - INFO -   Merging with 'pp_frac_5f' (1870 rows)
2025-06-01 15:50:22,981 - src.transformers.transform_past_starts - INFO -   Shape after merge: (1870, 68)
2025-06-01 15:50:22,983 - src.transformers.transform_past_starts - INFO -   Merging with 'pp_frac_6f' (1870 rows)
2025-06-01 15:50:22,990 - src.transformers.transform_past_starts - INFO -   Shape after merge: (1870, 69)
2025-06-01 15:50:22,991 - src.transformers.transform_past_starts - INFO -   Merging with 'pp_frac_7f' (1870 rows)
2025-06-01 15:50:22,997 - src.transformers.transform_past_starts - INFO -   Shape after merge: (1870, 70)
2025-06-01 15:50:22,999 - src.transformers.transform_past_starts - INFO -   Merging with 'pp_frac_8f' (1870 rows)
2025-06-01 15:50:23,005 - src.transformers.transform_past_starts - INFO -   Shape after merge: (1870, 71)
2025-06-01 15:50:23,007 - src.transformers.transform_past_starts - INFO -   Merging with 'pp_frac_10f' (1870 rows)
2025-06-01 15:50:23,013 - src.transformers.transform_past_starts - INFO -   Shape after merge: (1870, 72)
2025-06-01 15:50:23,013 - src.transformers.transform_past_starts - INFO -   Merging with 'pp_frac_12f' (1870 rows)
2025-06-01 15:50:23,021 - src.transformers.transform_past_starts - INFO -   Shape after merge: (1870, 73)
2025-06-01 15:50:23,022 - src.transformers.transform_past_starts - INFO -   Merging with 'pp_frac_14f' (1870 rows)
2025-06-01 15:50:23,028 - src.transformers.transform_past_starts - INFO -   Shape after merge: (1870, 74)
2025-06-01 15:50:23,030 - src.transformers.transform_past_starts - INFO -   Merging with 'pp_frac_16f' (1870 rows)
2025-06-01 15:50:23,038 - src.transformers.transform_past_starts - INFO -   Shape after merge: (1870, 75)
2025-06-01 15:50:23,040 - src.transformers.transform_past_starts - INFO -   Merging with 'pp_fraction_1' (1870 rows)
2025-06-01 15:50:23,046 - src.transformers.transform_past_starts - INFO -   Shape after merge: (1870, 76)
2025-06-01 15:50:23,047 - src.transformers.transform_past_starts - INFO -   Merging with 'pp_fraction_2' (1870 rows)
2025-06-01 15:50:23,055 - src.transformers.transform_past_starts - INFO -   Shape after merge: (1870, 77)
2025-06-01 15:50:23,056 - src.transformers.transform_past_starts - INFO -   Merging with 'pp_fraction_3' (1870 rows)
2025-06-01 15:50:23,062 - src.transformers.transform_past_starts - INFO -   Shape after merge: (1870, 78)
2025-06-01 15:50:23,064 - src.transformers.transform_past_starts - INFO -   Merging with 'pp_final_time' (1870 rows)
2025-06-01 15:50:23,071 - src.transformers.transform_past_starts - INFO -   Shape after merge: (1870, 79)
2025-06-01 15:50:23,072 - src.transformers.transform_past_starts - INFO -   Merging with 'pp_claimed_code' (1870 rows)
2025-06-01 15:50:23,079 - src.transformers.transform_past_starts - INFO -   Shape after merge: (1870, 80)
2025-06-01 15:50:23,080 - src.transformers.transform_past_starts - INFO -   Merging with 'pp_trainer' (1870 rows)
2025-06-01 15:50:23,089 - src.transformers.transform_past_starts - INFO -   Shape after merge: (1870, 81)
2025-06-01 15:50:23,091 - src.transformers.transform_past_starts - INFO -   Merging with 'pp_jockey' (1870 rows)
2025-06-01 15:50:23,100 - src.transformers.transform_past_starts - INFO -   Shape after merge: (1870, 82)
2025-06-01 15:50:23,101 - src.transformers.transform_past_starts - INFO -   Merging with 'pp_apprentice_allow' (1870 rows)
2025-06-01 15:50:23,108 - src.transformers.transform_past_starts - INFO -   Shape after merge: (1870, 83)
2025-06-01 15:50:23,110 - src.transformers.transform_past_starts - INFO -   Merging with 'pp_race_type' (1870 rows)
2025-06-01 15:50:23,118 - src.transformers.transform_past_starts - INFO -   Shape after merge: (1870, 84)
2025-06-01 15:50:23,120 - src.transformers.transform_past_starts - INFO -   Merging with 'pp_age_sex_restrict' (1870 rows)
2025-06-01 15:50:23,126 - src.transformers.transform_past_starts - INFO -   Shape after merge: (1870, 85)
2025-06-01 15:50:23,127 - src.transformers.transform_past_starts - INFO -   Merging with 'pp_statebred_flag' (1870 rows)
2025-06-01 15:50:23,136 - src.transformers.transform_past_starts - INFO -   Shape after merge: (1870, 86)
2025-06-01 15:50:23,137 - src.transformers.transform_past_starts - INFO -   Merging with 'pp_restricted_flag' (1870 rows)
2025-06-01 15:50:23,144 - src.transformers.transform_past_starts - INFO -   Shape after merge: (1870, 87)
2025-06-01 15:50:23,146 - src.transformers.transform_past_starts - INFO -   Merging with 'pp_favorite_indicator' (1870 rows)
2025-06-01 15:50:23,155 - src.transformers.transform_past_starts - INFO -   Shape after merge: (1870, 88)
2025-06-01 15:50:23,156 - src.transformers.transform_past_starts - INFO -   Merging with 'pp_front_bandages' (1870 rows)
2025-06-01 15:50:23,163 - src.transformers.transform_past_starts - INFO -   Shape after merge: (1870, 89)
2025-06-01 15:50:23,165 - src.transformers.transform_past_starts - INFO -   Merging with 'pp_bris_speed_par' (1870 rows)
2025-06-01 15:50:23,173 - src.transformers.transform_past_starts - INFO -   Shape after merge: (1870, 90)
2025-06-01 15:50:23,174 - src.transformers.transform_past_starts - INFO -   Merging with 'pp_bar_shoe' (1870 rows)
2025-06-01 15:50:23,183 - src.transformers.transform_past_starts - INFO -   Shape after merge: (1870, 91)
2025-06-01 15:50:23,184 - src.transformers.transform_past_starts - INFO -   Merging with 'pp_company_line' (1870 rows)
2025-06-01 15:50:23,193 - src.transformers.transform_past_starts - INFO -   Shape after merge: (1870, 92)
2025-06-01 15:50:23,195 - src.transformers.transform_past_starts - INFO -   Merging with 'pp_low_claiming' (1870 rows)
2025-06-01 15:50:23,205 - src.transformers.transform_past_starts - INFO -   Shape after merge: (1870, 93)
2025-06-01 15:50:23,207 - src.transformers.transform_past_starts - INFO -   Merging with 'pp_high_claiming' (1870 rows)
2025-06-01 15:50:23,214 - src.transformers.transform_past_starts - INFO -   Shape after merge: (1870, 94)
2025-06-01 15:50:23,216 - src.transformers.transform_past_starts - INFO -   Merging with 'pp_misc_code' (1870 rows)
2025-06-01 15:50:23,225 - src.transformers.transform_past_starts - INFO -   Shape after merge: (1870, 95)
2025-06-01 15:50:23,226 - src.transformers.transform_past_starts - INFO -   Merging with 'pp_ext_start_comment' (1870 rows)
2025-06-01 15:50:23,236 - src.transformers.transform_past_starts - INFO -   Shape after merge: (1870, 96)
2025-06-01 15:50:23,237 - src.transformers.transform_past_starts - INFO -   Merging with 'pp_sealed_track' (1870 rows)
2025-06-01 15:50:23,246 - src.transformers.transform_past_starts - INFO -   Shape after merge: (1870, 97)
2025-06-01 15:50:23,247 - src.transformers.transform_past_starts - INFO -   Merging with 'pp_aw_surface_flag' (1870 rows)
2025-06-01 15:50:23,257 - src.transformers.transform_past_starts - INFO -   Shape after merge: (1870, 98)
2025-06-01 15:50:23,259 - src.transformers.transform_past_starts - INFO -   Merging with 'pp_eqb_conditions' (1870 rows)
2025-06-01 15:50:23,268 - src.transformers.transform_past_starts - INFO -   Shape after merge: (1870, 99)
2025-06-01 15:50:23,318 - src.transformers.transform_past_starts - INFO -   Added 'pp_distance_type' classification to past starts.
2025-06-01 15:50:23,793 - src.transformers.transform_past_starts - INFO - Saving long format past performance data to: C:\Users\Larry\Documents\horse_racing_project\data\processed\past_starts_long_format.parquet
2025-06-01 15:50:23,820 - src.transformers.transform_past_starts - INFO - Save complete.
2025-06-01 15:50:23,820 - src.transformers.transform_past_starts - INFO - Output DataFrame Info:
2025-06-01 15:50:23,823 - src.transformers.transform_past_starts - INFO - --- Past Performance Reshaping Script Finished (2025-06-01 15:50:23 EDT) ---
2025-06-01 15:50:23,828 - __main__ - INFO - --- Step 4: Transforming past starts completed ---
2025-06-01 15:50:23,829 - __main__ - INFO - --- Step 5: Engineering features ---
2025-06-01 15:50:24,836 - __main__ - INFO - --- Step 5: Engineering features completed ---
2025-06-01 15:50:24,837 - __main__ - INFO - Running advanced fitness metrics...
2025-06-01 15:50:24,934 - src.transformers.advanced_fitness_metrics - INFO - Calculating all advanced fitness metrics...
2025-06-01 15:50:24,935 - src.transformers.advanced_fitness_metrics - INFO - Calculating Recovery Rate Index...
2025-06-01 15:50:25,141 - src.transformers.advanced_fitness_metrics - INFO - Calculating Form Momentum Score...
2025-06-01 15:50:25,416 - src.transformers.advanced_fitness_metrics - INFO - Calculating Cardiovascular Fitness Proxy...
2025-06-01 15:50:25,510 - src.transformers.advanced_fitness_metrics - INFO - Calculating Sectional Improvement Index...
2025-06-01 15:50:25,568 - src.transformers.advanced_fitness_metrics - INFO - Calculating Energy Distribution Profile...
2025-06-01 15:50:25,762 - src.transformers.advanced_fitness_metrics - INFO - Calculating Workout Fitness Indicators...
2025-06-01 15:50:25,968 - src.transformers.advanced_fitness_metrics - INFO - Calculated fitness metrics for 187 horses
2025-06-01 15:50:25,979 - src.transformers.advanced_fitness_metrics - INFO - Saved fitness metrics to data\processed\advanced_fitness_metrics.parquet
2025-06-01 15:50:26,001 - __main__ - INFO - Running sophisticated workout analysis...
2025-06-01 15:50:26,077 - src.transformers.sophisticated_workout_analysis - INFO - Calculating all workout metrics...
2025-06-01 15:50:26,078 - src.transformers.sophisticated_workout_analysis - INFO - Calculating workout quality scores...
2025-06-01 15:50:26,386 - src.transformers.sophisticated_workout_analysis - INFO - Identifying trainer intent signals...
2025-06-01 15:50:26,936 - src.transformers.sophisticated_workout_analysis - INFO - Analyzed workouts for 187 horses
2025-06-01 15:50:26,936 - src.transformers.sophisticated_workout_analysis - INFO - Generating trainer pattern report...
2025-06-01 15:50:26,937 - src.transformers.sophisticated_workout_analysis - INFO - Analyzing trainer-specific workout patterns...
2025-06-01 15:50:27,546 - src.transformers.sophisticated_workout_analysis - INFO - Analyzing work-to-race translation...
2025-06-01 15:50:29,289 - src.transformers.sophisticated_workout_analysis - INFO - Saved workout analysis to data\processed\sophisticated_workout_analysis.parquet
2025-06-01 15:50:29,291 - src.transformers.sophisticated_workout_analysis - INFO - Saved trainer patterns to data\processed\trainer_workout_patterns.csv
2025-06-01 15:50:29,292 - src.transformers.sophisticated_workout_analysis - INFO - Saved translation analysis to data\processed\workout_race_translation.csv
2025-06-01 15:50:29,315 - __main__ - INFO - Running advanced pace projection...
2025-06-01 15:50:29,386 - src.transformers.advanced_pace_projection - INFO - Generating comprehensive pace report...
2025-06-01 15:50:29,387 - src.transformers.advanced_pace_projection - INFO - Calculating multi-factor pace model...
2025-06-01 15:50:29,632 - src.transformers.advanced_pace_projection - INFO - Calculating pace pressure...
2025-06-01 15:50:29,633 - src.transformers.advanced_pace_projection - INFO - Calculating multi-factor pace model...
2025-06-01 15:50:29,909 - src.transformers.advanced_pace_projection - INFO - Calculating energy cost model...
2025-06-01 15:50:29,910 - src.transformers.advanced_pace_projection - INFO - Calculating multi-factor pace model...
2025-06-01 15:50:30,159 - src.transformers.advanced_pace_projection - INFO - Calculating pace pressure...
2025-06-01 15:50:30,159 - src.transformers.advanced_pace_projection - INFO - Calculating multi-factor pace model...
2025-06-01 15:50:30,511 - src.transformers.advanced_pace_projection - INFO - Classifying pace shapes...
2025-06-01 15:50:30,512 - src.transformers.advanced_pace_projection - INFO - Calculating pace pressure...
2025-06-01 15:50:30,512 - src.transformers.advanced_pace_projection - INFO - Calculating multi-factor pace model...
2025-06-01 15:50:30,785 - src.transformers.advanced_pace_projection - INFO - Calculating energy cost model...
2025-06-01 15:50:30,785 - src.transformers.advanced_pace_projection - INFO - Calculating multi-factor pace model...
2025-06-01 15:50:31,029 - src.transformers.advanced_pace_projection - INFO - Calculating pace pressure...
2025-06-01 15:50:31,030 - src.transformers.advanced_pace_projection - INFO - Calculating multi-factor pace model...
2025-06-01 15:50:31,355 - src.transformers.advanced_pace_projection - INFO - Calculating pace pressure...
2025-06-01 15:50:31,355 - src.transformers.advanced_pace_projection - INFO - Calculating multi-factor pace model...
2025-06-01 15:50:31,631 - src.transformers.advanced_pace_projection - INFO - Classifying pace shapes...
2025-06-01 15:50:31,631 - src.transformers.advanced_pace_projection - INFO - Calculating pace pressure...
2025-06-01 15:50:31,631 - src.transformers.advanced_pace_projection - INFO - Calculating multi-factor pace model...
2025-06-01 15:50:31,903 - src.transformers.advanced_pace_projection - INFO - Calculating energy cost model...
2025-06-01 15:50:31,903 - src.transformers.advanced_pace_projection - INFO - Calculating multi-factor pace model...
2025-06-01 15:50:32,146 - src.transformers.advanced_pace_projection - INFO - Calculating pace pressure...
2025-06-01 15:50:32,146 - src.transformers.advanced_pace_projection - INFO - Calculating multi-factor pace model...
2025-06-01 15:50:32,464 - src.transformers.advanced_pace_projection - INFO - Saved pace analysis to data\processed\advanced_pace_analysis.parquet
2025-06-01 15:50:32,494 - __main__ - INFO - Running multi-dimensional class assessment...
2025-06-01 15:50:32,565 - src.transformers.multi_dimensional_class_assessment - INFO - Generating comprehensive class report...
2025-06-01 15:50:32,566 - src.transformers.multi_dimensional_class_assessment - INFO - Calculating earnings-based class metrics...
2025-06-01 15:50:32,688 - src.transformers.multi_dimensional_class_assessment - INFO - Building race classification hierarchy...
2025-06-01 15:50:32,951 - src.transformers.multi_dimensional_class_assessment - INFO - Calculating hidden class indicators...
2025-06-01 15:50:33,135 - src.transformers.multi_dimensional_class_assessment - INFO - Calculating competitive level index...
2025-06-01 15:50:33,520 - src.transformers.multi_dimensional_class_assessment - INFO - Saved class assessment to data\processed\multi_dimensional_class_assessment.parquet
2025-06-01 15:50:33,547 - __main__ - INFO - Running form cycle detection...
2025-06-01 15:50:33,884 - src.transformers.form_cycle_detector - INFO - Generating comprehensive form cycle report...
2025-06-01 15:50:33,885 - src.transformers.form_cycle_detector - INFO - Analyzing beaten lengths trajectory...
2025-06-01 15:50:34,083 - src.transformers.form_cycle_detector - INFO - Analyzing position call patterns...
2025-06-01 15:50:34,496 - src.transformers.form_cycle_detector - INFO - Detecting form cycle patterns...
2025-06-01 15:50:34,644 - src.transformers.form_cycle_detector - INFO - Analyzing fractional time evolution...
2025-06-01 15:50:34,916 - src.transformers.form_cycle_detector - INFO - Calculating field-adjusted performance...
2025-06-01 15:50:35,052 - src.transformers.form_cycle_detector - INFO - Saved form cycle analysis to data\processed\form_cycle_analysis.parquet
2025-06-01 15:50:35,052 - src.transformers.form_cycle_detector - INFO - Analyzing beaten lengths trajectory...
2025-06-01 15:50:35,247 - src.transformers.form_cycle_detector - INFO - Detecting form cycle patterns...
2025-06-01 15:50:35,473 - __main__ - INFO - Running integrated analytics system...
2025-06-01 15:50:37,246 - src.transformers.integrated_analytics_system - INFO - Loading all analytical components...
2025-06-01 15:50:37,307 - src.transformers.integrated_analytics_system - INFO - Loaded fitness data: 187 records
2025-06-01 15:50:37,320 - src.transformers.integrated_analytics_system - INFO - Loaded workout data: 187 records
2025-06-01 15:50:37,335 - src.transformers.integrated_analytics_system - INFO - Loaded pace data: 185 records
2025-06-01 15:50:37,351 - src.transformers.integrated_analytics_system - INFO - Loaded class data: 187 records
2025-06-01 15:50:37,369 - src.transformers.integrated_analytics_system - INFO - Loaded form data: 187 records
2025-06-01 15:50:37,369 - src.transformers.integrated_analytics_system - INFO - Training machine learning models...
2025-06-01 15:50:37,369 - src.transformers.integrated_analytics_system - INFO - Training machine learning models...
2025-06-01 15:50:37,370 - src.transformers.integrated_analytics_system - INFO - Training form cycle state classifier...
2025-06-01 15:50:37,383 - __main__ - ERROR - Pipeline failed with an unexpected error: The least populated class in y has only 1 member, which is too few. The minimum number of groups for any class cannot be less than 2.
Traceback (most recent call last):
  File "C:\Users\Larry\Documents\horse_racing_project\run_pipeline.py", line 155, in run_complete_pipeline
    run_integrated_analytics()
    ~~~~~~~~~~~~~~~~~~~~~~~~^^
  File "C:\Users\Larry\Documents\horse_racing_project\src\transformers\integrated_analytics_system.py", line 1154, in main
    ml_results = analytics.train_ml_models()
  File "C:\Users\Larry\Documents\horse_racing_project\src\transformers\integrated_analytics_system.py", line 519, in train_ml_models
    form_model_results = self._train_form_cycle_classifier()
  File "C:\Users\Larry\Documents\horse_racing_project\src\transformers\integrated_analytics_system.py", line 585, in _train_form_cycle_classifier
    X_train, X_test, y_train, y_test = train_test_split(
                                       ~~~~~~~~~~~~~~~~^
        X, y, test_size=0.2, random_state=42, stratify=y
        ^^^^^^^^^^^^^^^^^^^^^^^^^^^^^^^^^^^^^^^^^^^^^^^^
    )
    ^
  File "C:\Users\Larry\AppData\Local\Programs\Python\Python313\Lib\site-packages\sklearn\utils\_param_validation.py", line 216, in wrapper
    return func(*args, **kwargs)
  File "C:\Users\Larry\AppData\Local\Programs\Python\Python313\Lib\site-packages\sklearn\model_selection\_split.py", line 2872, in train_test_split
    train, test = next(cv.split(X=arrays[0], y=stratify))
                  ~~~~^^^^^^^^^^^^^^^^^^^^^^^^^^^^^^^^^^^
  File "C:\Users\Larry\AppData\Local\Programs\Python\Python313\Lib\site-packages\sklearn\model_selection\_split.py", line 1909, in split
    for train, test in self._iter_indices(X, y, groups):
                       ~~~~~~~~~~~~~~~~~~^^^^^^^^^^^^^^
  File "C:\Users\Larry\AppData\Local\Programs\Python\Python313\Lib\site-packages\sklearn\model_selection\_split.py", line 2318, in _iter_indices
    raise ValueError(
    ...<4 lines>...
    )
ValueError: The least populated class in y has only 1 member, which is too few. The minimum number of groups for any class cannot be less than 2.
