2025-06-07 13:56:49,280 - __main__ - INFO - Pipeline started. Project Root: C:\Users\Larry\Documents\horse_racing_project
2025-06-07 13:56:49,280 - __main__ - INFO - Using settings: RAW_DATA_DIR=C:\Users\Larry\Documents\horse_racing_project\data\raw, PROCESSED_DATA_DIR=C:\Users\Larry\Documents\horse_racing_project\data\processed, CACHE_DIR=C:\Users\Larry\Documents\horse_racing_project\data\cache
2025-06-07 13:56:49,280 - __main__ - INFO - === Starting Horse Racing Data Pipeline ===
2025-06-07 13:56:49,280 - __main__ - INFO - Searching for DRF files in: C:\Users\Larry\Documents\horse_racing_project\data\raw with pattern: '*DRF'
2025-06-07 13:56:49,282 - __main__ - INFO - Using DRF file: SAR0607.DRF
2025-06-07 13:56:49,282 - __main__ - INFO - --- Step 1: Parsing DRF file (using horse_racing/parsers/bris_spec_new.py) ---
2025-06-07 13:56:49,283 - horse_racing.parsers.bris_spec_new - INFO - --- bris_spec_new.main() starting ---
2025-06-07 13:56:49,283 - horse_racing.parsers.bris_spec_new - INFO - Processing DRF file provided as argument: C:\Users\Larry\Documents\horse_racing_project\data\raw\SAR0607.DRF
2025-06-07 13:56:49,283 - horse_racing.parsers.bris_spec_new - INFO - Loading specification cache from: C:\Users\Larry\Documents\horse_racing_project\data\cache\bris_spec.pkl
2025-06-07 13:56:49,295 - horse_racing.parsers.bris_spec_new - INFO - Parsing field types from: C:\Users\Larry\Documents\horse_racing_project\data\raw\bris_dict.txt
2025-06-07 13:56:49,318 - horse_racing.parsers.bris_spec_new - INFO - Parsed types for 190 fields from bris_dict.txt.
2025-06-07 13:56:49,319 - horse_racing.parsers.bris_spec_new - INFO - 
Attempting to parse SAR0607.DRF as comma-delimited...
2025-06-07 13:56:49,319 - horse_racing.parsers.bris_spec_new - INFO - Excluding columns starting with 'reserved'. Using 1321 out of 1435 columns.
2025-06-07 13:56:49,471 - horse_racing.parsers.bris_spec_new - INFO - Parsing successful. Read 140 lines from SAR0607.DRF.
2025-06-07 13:56:49,472 - horse_racing.parsers.bris_spec_new - INFO - 
Identifying column types using parsed bris_dict.txt info...
2025-06-07 13:56:49,519 - horse_racing.parsers.bris_spec_new - INFO - Identified 123 numeric columns using spec.
2025-06-07 13:56:49,519 - horse_racing.parsers.bris_spec_new - INFO - Identified 21 date columns using spec.
2025-06-07 13:56:49,519 - horse_racing.parsers.bris_spec_new - INFO - 
Attempting data type conversions...
2025-06-07 13:56:49,520 - horse_racing.parsers.bris_spec_new - INFO - Converting 123 columns to numeric...
2025-06-07 13:56:49,543 - horse_racing.parsers.bris_spec_new - INFO - Successfully converted 123 numeric columns.
2025-06-07 13:56:49,543 - horse_racing.parsers.bris_spec_new - INFO - Converting 21 columns to datetime...
2025-06-07 13:56:49,556 - horse_racing.parsers.bris_spec_new - INFO - Successfully converted 21 date columns.
2025-06-07 13:56:49,569 - horse_racing.parsers.bris_spec_new - INFO - 
Saving the processed data to Parquet file: C:\Users\Larry\Documents\horse_racing_project\data\processed\parsed_race_data_full.parquet
2025-06-07 13:56:49,915 - horse_racing.parsers.bris_spec_new - INFO - 
Successfully saved final data to: C:\Users\Larry\Documents\horse_racing_project\data\processed\parsed_race_data_full.parquet
2025-06-07 13:56:49,915 - horse_racing.parsers.bris_spec_new - INFO - Final DataFrame shape: (140, 1332)
2025-06-07 13:56:49,915 - horse_racing.parsers.bris_spec_new - INFO - Final DataFrame Info:
2025-06-07 13:56:49,915 - horse_racing.parsers.bris_spec_new - INFO - --- bris_spec_new.main() finished ---
2025-06-07 13:56:49,917 - __main__ - INFO - --- Step 1: Parsing DRF file completed ---
2025-06-07 13:56:49,917 - __main__ - INFO - --- Step 2: Creating current race info ---
2025-06-07 13:56:53,012 - horse_racing.transformers.current_race_info - INFO - --- Creating Current Race Info File (2025-06-07 13:56:52 EDT) ---
2025-06-07 13:56:53,012 - horse_racing.transformers.current_race_info - INFO - Loading wide format data from: C:\Users\Larry\Documents\horse_racing_project\data\processed\parsed_race_data_full.parquet
2025-06-07 13:56:53,488 - horse_racing.transformers.current_race_info - INFO - Loaded wide data with shape: (140, 1332)
2025-06-07 13:56:53,493 - horse_racing.transformers.current_race_info - INFO - 
Dropping 1018 wide workout/past performance columns...
2025-06-07 13:56:53,504 - horse_racing.transformers.current_race_info - INFO - DataFrame shape after dropping columns: (140, 335)
2025-06-07 13:56:53,504 - horse_racing.transformers.current_race_info - INFO - Number of columns actually dropped: 997
2025-06-07 13:56:53,505 - horse_racing.transformers.current_race_info - INFO - 
Saving current race info data to: C:\Users\Larry\Documents\horse_racing_project\data\processed\current_race_info.parquet
2025-06-07 13:56:53,540 - horse_racing.transformers.current_race_info - INFO - Save complete.
2025-06-07 13:56:53,540 - horse_racing.transformers.current_race_info - INFO - 
Output DataFrame Info:
2025-06-07 13:56:53,540 - horse_racing.transformers.current_race_info - INFO - 
--- Script Finished (2025-06-07 13:56:53 EDT) ---
2025-06-07 13:56:53,542 - __main__ - INFO - --- Step 2: Creating current race info completed ---
2025-06-07 13:56:53,543 - __main__ - INFO - --- Step 3: Transforming workouts ---
2025-06-07 13:56:53,543 - horse_racing.transformers.long_format_transformer - INFO - --- Transforming workout data ---
2025-06-07 13:56:53,673 - horse_racing.transformers.long_format_transformer - INFO - Saved workout data to C:\Users\Larry\Documents\horse_racing_project\data\processed\workouts_long_format.parquet
2025-06-07 13:56:53,675 - __main__ - INFO - --- Step 3: Transforming workouts completed ---
2025-06-07 13:56:53,675 - __main__ - INFO - --- Step 4: Transforming past starts ---
2025-06-07 13:56:53,675 - horse_racing.transformers.long_format_transformer - INFO - --- Transforming past performance data ---
2025-06-07 13:56:54,980 - horse_racing.transformers.long_format_transformer - INFO - Saved past performance data to C:\Users\Larry\Documents\horse_racing_project\data\processed\past_starts_long_format.parquet
2025-06-07 13:56:54,982 - __main__ - INFO - --- Step 4: Transforming past starts completed ---
2025-06-07 13:56:54,982 - __main__ - INFO - --- Step 5: Engineering features ---
2025-06-07 13:56:55,770 - __main__ - INFO - --- Step 5: Engineering features completed ---
2025-06-07 13:56:55,770 - __main__ - INFO - Running advanced fitness metrics...
2025-06-07 13:56:55,837 - horse_racing.transformers.advanced_fitness_metrics - INFO - Calculating all advanced fitness metrics...
2025-06-07 13:56:55,837 - horse_racing.transformers.advanced_fitness_metrics - INFO - Calculating Recovery Rate Index...
2025-06-07 13:56:55,957 - horse_racing.transformers.advanced_fitness_metrics - INFO - Calculating Form Momentum Score...
2025-06-07 13:56:56,135 - horse_racing.transformers.advanced_fitness_metrics - INFO - Calculating Cardiovascular Fitness Proxy...
2025-06-07 13:56:56,206 - horse_racing.transformers.advanced_fitness_metrics - INFO - Calculating Sectional Improvement Index...
2025-06-07 13:56:56,246 - horse_racing.transformers.advanced_fitness_metrics - INFO - Calculating Energy Distribution Profile...
2025-06-07 13:56:56,392 - horse_racing.transformers.advanced_fitness_metrics - INFO - Calculating Workout Fitness Indicators...
2025-06-07 13:56:56,551 - horse_racing.transformers.advanced_fitness_metrics - INFO - Calculated fitness metrics for 140 horses
2025-06-07 13:56:56,563 - horse_racing.transformers.advanced_fitness_metrics - INFO - Saved fitness metrics to C:\Users\Larry\Documents\horse_racing_project\data\processed\advanced_fitness_metrics.parquet
2025-06-07 13:56:56,574 - __main__ - INFO - Running sophisticated workout analysis...
2025-06-07 13:56:56,625 - horse_racing.transformers.sophisticated_workout_analysis - INFO - Calculating all workout metrics...
2025-06-07 13:56:56,626 - horse_racing.transformers.sophisticated_workout_analysis - INFO - Calculating workout quality scores...
2025-06-07 13:56:57,059 - horse_racing.transformers.sophisticated_workout_analysis - INFO - Analyzed workouts for 140 horses
2025-06-07 13:56:57,063 - horse_racing.transformers.sophisticated_workout_analysis - INFO - Saved workout analysis to C:\Users\Larry\Documents\horse_racing_project\data\processed\sophisticated_workout_analysis.parquet
2025-06-07 13:56:57,070 - __main__ - INFO - Running advanced pace projection...
2025-06-07 13:56:57,118 - horse_racing.transformers.advanced_pace_projection - INFO - Generating comprehensive pace report...
2025-06-07 13:56:57,118 - horse_racing.transformers.advanced_pace_projection - INFO - Calculating multi-factor pace model...
2025-06-07 13:56:57,300 - horse_racing.transformers.advanced_pace_projection - INFO - Calculating pace pressure...
2025-06-07 13:56:57,300 - horse_racing.transformers.advanced_pace_projection - INFO - Calculating multi-factor pace model...
2025-06-07 13:56:57,516 - horse_racing.transformers.advanced_pace_projection - INFO - Calculating energy cost model...
2025-06-07 13:56:57,516 - horse_racing.transformers.advanced_pace_projection - INFO - Calculating multi-factor pace model...
2025-06-07 13:56:57,696 - horse_racing.transformers.advanced_pace_projection - INFO - Calculating pace pressure...
2025-06-07 13:56:57,696 - horse_racing.transformers.advanced_pace_projection - INFO - Calculating multi-factor pace model...
2025-06-07 13:56:57,920 - horse_racing.transformers.advanced_pace_projection - INFO - Classifying pace shapes...
2025-06-07 13:56:57,920 - horse_racing.transformers.advanced_pace_projection - INFO - Calculating pace pressure...
2025-06-07 13:56:57,920 - horse_racing.transformers.advanced_pace_projection - INFO - Calculating multi-factor pace model...
2025-06-07 13:56:58,124 - horse_racing.transformers.advanced_pace_projection - INFO - Calculating energy cost model...
2025-06-07 13:56:58,124 - horse_racing.transformers.advanced_pace_projection - INFO - Calculating multi-factor pace model...
2025-06-07 13:56:58,316 - horse_racing.transformers.advanced_pace_projection - INFO - Calculating pace pressure...
2025-06-07 13:56:58,316 - horse_racing.transformers.advanced_pace_projection - INFO - Calculating multi-factor pace model...
2025-06-07 13:56:58,576 - horse_racing.transformers.advanced_pace_projection - INFO - Calculating pace pressure...
2025-06-07 13:56:58,577 - horse_racing.transformers.advanced_pace_projection - INFO - Calculating multi-factor pace model...
2025-06-07 13:56:58,784 - horse_racing.transformers.advanced_pace_projection - INFO - Classifying pace shapes...
2025-06-07 13:56:58,784 - horse_racing.transformers.advanced_pace_projection - INFO - Calculating pace pressure...
2025-06-07 13:56:58,784 - horse_racing.transformers.advanced_pace_projection - INFO - Calculating multi-factor pace model...
2025-06-07 13:56:59,002 - horse_racing.transformers.advanced_pace_projection - INFO - Calculating energy cost model...
2025-06-07 13:56:59,002 - horse_racing.transformers.advanced_pace_projection - INFO - Calculating multi-factor pace model...
2025-06-07 13:56:59,189 - horse_racing.transformers.advanced_pace_projection - INFO - Calculating pace pressure...
2025-06-07 13:56:59,189 - horse_racing.transformers.advanced_pace_projection - INFO - Calculating multi-factor pace model...
2025-06-07 13:56:59,442 - horse_racing.transformers.advanced_pace_projection - INFO - Saved pace analysis to C:\Users\Larry\Documents\horse_racing_project\data\processed\advanced_pace_analysis.parquet
2025-06-07 13:56:59,456 - __main__ - INFO - Running multi-dimensional class assessment...
2025-06-07 13:56:59,500 - horse_racing.transformers.multi_dimensional_class_assessment - INFO - Generating comprehensive class report...
2025-06-07 13:56:59,500 - horse_racing.transformers.multi_dimensional_class_assessment - INFO - Calculating earnings-based class metrics...
2025-06-07 13:56:59,583 - horse_racing.transformers.multi_dimensional_class_assessment - INFO - Building race classification hierarchy...
2025-06-07 13:56:59,801 - horse_racing.transformers.multi_dimensional_class_assessment - INFO - Calculating hidden class indicators...
2025-06-07 13:56:59,964 - horse_racing.transformers.multi_dimensional_class_assessment - INFO - Saved class assessment to C:\Users\Larry\Documents\horse_racing_project\data\processed\multi_dimensional_class_assessment.parquet
2025-06-07 13:56:59,982 - __main__ - INFO - Running form cycle detection...
2025-06-07 13:57:00,289 - horse_racing.transformers.form_cycle_detector - INFO - Generating comprehensive form cycle report...
2025-06-07 13:57:00,289 - horse_racing.transformers.form_cycle_detector - INFO - Analyzing beaten lengths trajectory...
2025-06-07 13:57:00,436 - horse_racing.transformers.form_cycle_detector - INFO - Analyzing position call patterns...
2025-06-07 13:57:00,758 - horse_racing.transformers.form_cycle_detector - INFO - Detecting form cycle patterns...
2025-06-07 13:57:00,869 - horse_racing.transformers.form_cycle_detector - INFO - Analyzing fractional time evolution...
2025-06-07 13:57:01,097 - horse_racing.transformers.form_cycle_detector - INFO - Saved form cycle analysis to C:\Users\Larry\Documents\horse_racing_project\data\processed\form_cycle_analysis.parquet
2025-06-07 13:57:01,097 - horse_racing.transformers.form_cycle_detector - INFO - Analyzing beaten lengths trajectory...
2025-06-07 13:57:01,245 - horse_racing.transformers.form_cycle_detector - INFO - Detecting form cycle patterns...
2025-06-07 13:57:01,376 - __main__ - INFO - Running integrated analytics system...
2025-06-07 13:57:03,012 - horse_racing.transformers.integrated_analytics_system - INFO - Loading all analytical components...
2025-06-07 13:57:03,069 - horse_racing.transformers.integrated_analytics_system - INFO - Loaded fitness data: 140 records
2025-06-07 13:57:03,081 - horse_racing.transformers.integrated_analytics_system - INFO - Loaded workout data: 140 records
2025-06-07 13:57:03,093 - horse_racing.transformers.integrated_analytics_system - INFO - Loaded pace data: 135 records
2025-06-07 13:57:03,108 - horse_racing.transformers.integrated_analytics_system - INFO - Loaded class data: 140 records
2025-06-07 13:57:03,125 - horse_racing.transformers.integrated_analytics_system - INFO - Loaded form data: 140 records
2025-06-07 13:57:03,125 - horse_racing.transformers.integrated_analytics_system - INFO - Training machine learning models...
2025-06-07 13:57:03,125 - horse_racing.transformers.integrated_analytics_system - INFO - Training machine learning models...
2025-06-07 13:57:03,125 - horse_racing.transformers.integrated_analytics_system - INFO - Training form cycle state classifier...
2025-06-07 13:57:03,135 - horse_racing.transformers.integrated_analytics_system - INFO - Original class distribution for Form Cycle Classifier (y): {'FRESHENING': 51, 'DECLINING': 26, 'IMPROVING': 22, 'STABLE': 16, 'RECOVERING': 6, 'INSUFFICIENT_DATA': 4, 'ERRATIC': 2}
2025-06-07 13:57:03,249 - horse_racing.transformers.integrated_analytics_system - INFO - Performing workout pattern clustering...
2025-06-07 13:57:03,257 - horse_racing.transformers.integrated_analytics_system - INFO - NaNs found in workout clustering features. Imputing with median.
2025-06-07 13:57:06,468 - horse_racing.transformers.integrated_analytics_system - INFO - Training class trajectory predictor...
2025-06-07 13:57:06,775 - horse_racing.transformers.integrated_analytics_system - INFO - Training pace scenario optimizer...
2025-06-07 13:57:07,011 - horse_racing.transformers.integrated_analytics_system - INFO - Training integrated performance predictor...
2025-06-07 13:57:07,011 - horse_racing.transformers.integrated_analytics_system - INFO - Calculating composite fitness scores...
2025-06-07 13:57:07,196 - horse_racing.transformers.integrated_analytics_system - INFO - Performance predictor trained with 6 features: ['integrated_fitness_score', 'composite_fitness_score', 'workout_readiness_score', 'pace_advantage_score', 'overall_class_rating', 'composite_form_score']
2025-06-07 13:57:07,198 - horse_racing.transformers.integrated_analytics_system - INFO - Generating integrated analysis report...
2025-06-07 13:57:07,198 - horse_racing.transformers.integrated_analytics_system - INFO - Calculating composite fitness scores...
2025-06-07 13:57:07,210 - horse_racing.transformers.integrated_analytics_system - INFO - Calculating class-adjusted speed figures...
2025-06-07 13:57:07,392 - horse_racing.transformers.integrated_analytics_system - INFO - Calculating pace impact predictions...
2025-06-07 13:57:07,414 - horse_racing.transformers.integrated_analytics_system - INFO - Applied ML predictions using features: ['integrated_fitness_score', 'composite_fitness_score', 'workout_readiness_score', 'pace_advantage_score', 'overall_class_rating', 'composite_form_score']
2025-06-07 13:57:07,424 - horse_racing.transformers.integrated_analytics_system - INFO - Saved integrated report to C:\Users\Larry\Documents\horse_racing_project\data\processed\integrated_analytics_report.parquet
2025-06-07 13:57:07,520 - horse_racing.transformers.integrated_analytics_system - INFO - Saved 5 models to models
2025-06-07 13:57:07,547 - __main__ - INFO - === Pipeline completed successfully! ===
