2025-05-31 19:25:36,663 - __main__ - INFO - Pipeline started. Project Root: C:\Users\nblza1\OneDrive - NBIM\Documents\Coding\horse_racing_project
2025-05-31 19:25:36,665 - __main__ - INFO - Using settings: RAW_DATA_DIR=C:\Users\nblza1\OneDrive - NBIM\Documents\Coding\horse_racing_project\data\raw, PROCESSED_DATA_DIR=C:\Users\nblza1\OneDrive - NBIM\Documents\Coding\horse_racing_project\data\processed, CACHE_DIR=C:\Users\nblza1\OneDrive - NBIM\Documents\Coding\horse_racing_project\data\cache
2025-05-31 19:25:36,665 - __main__ - INFO - === Starting Horse Racing Data Pipeline ===
2025-05-31 19:25:36,666 - __main__ - INFO - Searching for DRF files in: C:\Users\nblza1\OneDrive - NBIM\Documents\Coding\horse_racing_project\data\raw with pattern: '*DRF'
2025-05-31 19:25:36,668 - __main__ - INFO - Using DRF file: PIM0509.DRF
2025-05-31 19:25:36,668 - __main__ - INFO - --- Step 1: Parsing DRF file (using src/parsers/bris_spec_new.py) ---
2025-05-31 19:25:36,669 - src.parsers.bris_spec_new - INFO - --- bris_spec_new.main() starting ---
2025-05-31 19:25:36,671 - src.parsers.bris_spec_new - INFO - Processing DRF file provided as argument: C:\Users\nblza1\OneDrive - NBIM\Documents\Coding\horse_racing_project\data\raw\PIM0509.DRF
2025-05-31 19:25:36,671 - src.parsers.bris_spec_new - INFO - Loading specification cache from: C:\Users\nblza1\OneDrive - NBIM\Documents\Coding\horse_racing_project\data\cache\bris_spec.pkl
2025-05-31 19:25:36,685 - src.parsers.bris_spec_new - INFO - Parsing field types from: C:\Users\nblza1\OneDrive - NBIM\Documents\Coding\horse_racing_project\data\raw\bris_dict.txt
2025-05-31 19:25:36,704 - src.parsers.bris_spec_new - INFO - Parsed types for 190 fields from bris_dict.txt.
2025-05-31 19:25:36,705 - src.parsers.bris_spec_new - INFO - 
Attempting to parse PIM0509.DRF as comma-delimited...
2025-05-31 19:25:36,706 - src.parsers.bris_spec_new - INFO - Excluding columns starting with 'reserved'. Using 1321 out of 1435 columns.
2025-05-31 19:25:36,799 - src.parsers.bris_spec_new - INFO - Parsing successful. Read 92 lines from PIM0509.DRF.
2025-05-31 19:25:36,800 - src.parsers.bris_spec_new - INFO - 
Identifying column types using parsed bris_dict.txt info...
2025-05-31 19:25:36,823 - src.parsers.bris_spec_new - INFO - Identified 123 numeric columns using spec.
2025-05-31 19:25:36,823 - src.parsers.bris_spec_new - INFO - Identified 21 date columns using spec.
2025-05-31 19:25:36,823 - src.parsers.bris_spec_new - INFO - 
Attempting data type conversions...
2025-05-31 19:25:36,824 - src.parsers.bris_spec_new - INFO - Converting 123 columns to numeric...
2025-05-31 19:25:36,838 - src.parsers.bris_spec_new - INFO - Successfully converted 123 numeric columns.
2025-05-31 19:25:36,838 - src.parsers.bris_spec_new - INFO - Converting 21 columns to datetime...
2025-05-31 19:25:36,849 - src.parsers.bris_spec_new - INFO - Successfully converted 21 date columns.
2025-05-31 19:25:36,858 - src.parsers.bris_spec_new - INFO - 
Saving the processed data to Parquet file: C:\Users\nblza1\OneDrive - NBIM\Documents\Coding\horse_racing_project\data\processed\parsed_race_data_full.parquet
2025-05-31 19:25:37,272 - src.parsers.bris_spec_new - INFO - 
Successfully saved final data to: C:\Users\nblza1\OneDrive - NBIM\Documents\Coding\horse_racing_project\data\processed\parsed_race_data_full.parquet
2025-05-31 19:25:37,273 - src.parsers.bris_spec_new - INFO - Final DataFrame shape: (92, 1332)
2025-05-31 19:25:37,273 - src.parsers.bris_spec_new - INFO - Final DataFrame Info:
2025-05-31 19:25:37,273 - src.parsers.bris_spec_new - INFO - --- bris_spec_new.main() finished ---
2025-05-31 19:25:37,275 - __main__ - INFO - --- Step 1: Parsing DRF file completed ---
2025-05-31 19:25:37,275 - __main__ - INFO - --- Step 2: Creating current race info ---
2025-05-31 19:25:42,845 - src.transformers.current_race_info - INFO - --- Creating Current Race Info File (2025-05-31 19:25:42 EDT) ---
2025-05-31 19:25:42,846 - src.transformers.current_race_info - INFO - Loading wide format data from: C:\Users\nblza1\OneDrive - NBIM\Documents\Coding\horse_racing_project\data\processed\parsed_race_data_full.parquet
2025-05-31 19:25:43,330 - src.transformers.current_race_info - INFO - Loaded wide data with shape: (92, 1332)
2025-05-31 19:25:43,333 - src.transformers.current_race_info - INFO - 
Dropping 1018 wide workout/past performance columns...
2025-05-31 19:25:43,343 - src.transformers.current_race_info - INFO - DataFrame shape after dropping columns: (92, 335)
2025-05-31 19:25:43,343 - src.transformers.current_race_info - INFO - Number of columns actually dropped: 997
2025-05-31 19:25:43,344 - src.transformers.current_race_info - INFO - 
Saving current race info data to: C:\Users\nblza1\OneDrive - NBIM\Documents\Coding\horse_racing_project\data\processed\current_race_info.parquet
2025-05-31 19:25:43,400 - src.transformers.current_race_info - INFO - Save complete.
2025-05-31 19:25:43,400 - src.transformers.current_race_info - INFO - 
Output DataFrame Info:
2025-05-31 19:25:43,400 - src.transformers.current_race_info - INFO - 
--- Script Finished (2025-05-31 19:25:43 EDT) ---
2025-05-31 19:25:43,401 - __main__ - INFO - --- Step 2: Creating current race info completed ---
2025-05-31 19:25:43,402 - __main__ - INFO - --- Step 3: Transforming workouts ---
2025-05-31 19:25:43,402 - src.transformers.transform_workouts - INFO - --- Starting Workout Data Reshaping (2025-05-31 19:25:43 EDT) ---
2025-05-31 19:25:43,495 - src.transformers.transform_workouts - INFO - Using ID Variables: ['track', 'race', 'post_position', 'horse_name']
2025-05-31 19:25:43,495 - src.transformers.transform_workouts - INFO - Reshaping workout data using specification (Field# -> Actual Column Label)...
2025-05-31 19:25:43,506 - src.transformers.transform_workouts - INFO - Concatenating data for all workouts...
2025-05-31 19:25:43,508 - src.transformers.transform_workouts - INFO - Raw concatenated workout data shape: (1104, 14)
2025-05-31 19:25:43,514 - src.transformers.transform_workouts - INFO - Saving long format workout data to: C:\Users\nblza1\OneDrive - NBIM\Documents\Coding\horse_racing_project\data\processed\workouts_long_format.parquet
2025-05-31 19:25:43,520 - src.transformers.transform_workouts - INFO - Save complete.
2025-05-31 19:25:43,520 - src.transformers.transform_workouts - INFO - Output DataFrame Info:
2025-05-31 19:25:43,524 - src.transformers.transform_workouts - INFO - --- Workout Reshaping Script Finished (2025-05-31 19:25:43 EDT) ---
2025-05-31 19:25:43,525 - __main__ - INFO - --- Step 3: Transforming workouts completed ---
2025-05-31 19:25:43,525 - __main__ - INFO - --- Step 4: Transforming past starts ---
2025-05-31 19:25:43,525 - src.transformers.transform_past_starts - INFO - --- Starting Past Performance Data Reshaping (2025-05-31 19:25:43 EDT) ---
2025-05-31 19:25:43,615 - src.transformers.transform_past_starts - INFO - Using ID Variables: ['track', 'race', 'post_position', 'horse_name']
2025-05-31 19:25:43,615 - src.transformers.transform_past_starts - INFO - Reshaping past performance data using specification and pd.melt...
2025-05-31 19:25:43,868 - src.transformers.transform_past_starts - INFO - Joining 94 melted metric DataFrames...
2025-05-31 19:25:43,869 - src.transformers.transform_past_starts - INFO -   Starting join with 'pp_race_date' (920 rows)
2025-05-31 19:25:43,870 - src.transformers.transform_past_starts - INFO -   Merging with 'pp_days_since_prev' (828 rows)
2025-05-31 19:25:43,874 - src.transformers.transform_past_starts - INFO -   Shape after merge: (920, 7)
2025-05-31 19:25:43,875 - src.transformers.transform_past_starts - INFO -   Merging with 'pp_track_code' (920 rows)
2025-05-31 19:25:43,877 - src.transformers.transform_past_starts - INFO -   Shape after merge: (920, 8)
2025-05-31 19:25:43,877 - src.transformers.transform_past_starts - INFO -   Merging with 'pp_track_code_bris' (920 rows)
2025-05-31 19:25:43,880 - src.transformers.transform_past_starts - INFO -   Shape after merge: (920, 9)
2025-05-31 19:25:43,880 - src.transformers.transform_past_starts - INFO -   Merging with 'pp_race_num' (920 rows)
2025-05-31 19:25:43,886 - src.transformers.transform_past_starts - INFO -   Shape after merge: (920, 10)
2025-05-31 19:25:43,887 - src.transformers.transform_past_starts - INFO -   Merging with 'pp_track_condition' (920 rows)
2025-05-31 19:25:43,889 - src.transformers.transform_past_starts - INFO -   Shape after merge: (920, 11)
2025-05-31 19:25:43,890 - src.transformers.transform_past_starts - INFO -   Merging with 'pp_distance' (920 rows)
2025-05-31 19:25:43,892 - src.transformers.transform_past_starts - INFO -   Shape after merge: (920, 12)
2025-05-31 19:25:43,892 - src.transformers.transform_past_starts - INFO -   Merging with 'pp_surface' (920 rows)
2025-05-31 19:25:43,895 - src.transformers.transform_past_starts - INFO -   Shape after merge: (920, 13)
2025-05-31 19:25:43,896 - src.transformers.transform_past_starts - INFO -   Merging with 'pp_chute_indicator' (920 rows)
2025-05-31 19:25:43,898 - src.transformers.transform_past_starts - INFO -   Shape after merge: (920, 14)
2025-05-31 19:25:43,898 - src.transformers.transform_past_starts - INFO -   Merging with 'pp_num_entrants' (920 rows)
2025-05-31 19:25:43,901 - src.transformers.transform_past_starts - INFO -   Shape after merge: (920, 15)
2025-05-31 19:25:43,901 - src.transformers.transform_past_starts - INFO -   Merging with 'pp_post_position' (920 rows)
2025-05-31 19:25:43,905 - src.transformers.transform_past_starts - INFO -   Shape after merge: (920, 16)
2025-05-31 19:25:43,905 - src.transformers.transform_past_starts - INFO -   Merging with 'pp_equipment' (920 rows)
2025-05-31 19:25:43,908 - src.transformers.transform_past_starts - INFO -   Shape after merge: (920, 17)
2025-05-31 19:25:43,909 - src.transformers.transform_past_starts - INFO -   Merging with 'pp_racename' (920 rows)
2025-05-31 19:25:43,911 - src.transformers.transform_past_starts - INFO -   Shape after merge: (920, 18)
2025-05-31 19:25:43,911 - src.transformers.transform_past_starts - INFO -   Merging with 'pp_medication' (920 rows)
2025-05-31 19:25:43,914 - src.transformers.transform_past_starts - INFO -   Shape after merge: (920, 19)
2025-05-31 19:25:43,914 - src.transformers.transform_past_starts - INFO -   Merging with 'pp_trip_comment' (920 rows)
2025-05-31 19:25:43,916 - src.transformers.transform_past_starts - INFO -   Shape after merge: (920, 20)
2025-05-31 19:25:43,917 - src.transformers.transform_past_starts - INFO -   Merging with 'pp_winner_name' (920 rows)
2025-05-31 19:25:43,919 - src.transformers.transform_past_starts - INFO -   Shape after merge: (920, 21)
2025-05-31 19:25:43,919 - src.transformers.transform_past_starts - INFO -   Merging with 'pp_second_name' (920 rows)
2025-05-31 19:25:43,922 - src.transformers.transform_past_starts - INFO -   Shape after merge: (920, 22)
2025-05-31 19:25:43,922 - src.transformers.transform_past_starts - INFO -   Merging with 'pp_third_name' (920 rows)
2025-05-31 19:25:43,927 - src.transformers.transform_past_starts - INFO -   Shape after merge: (920, 23)
2025-05-31 19:25:43,928 - src.transformers.transform_past_starts - INFO -   Merging with 'pp_winner_weight' (920 rows)
2025-05-31 19:25:43,930 - src.transformers.transform_past_starts - INFO -   Shape after merge: (920, 24)
2025-05-31 19:25:43,931 - src.transformers.transform_past_starts - INFO -   Merging with 'pp_second_weight' (920 rows)
2025-05-31 19:25:43,933 - src.transformers.transform_past_starts - INFO -   Shape after merge: (920, 25)
2025-05-31 19:25:43,934 - src.transformers.transform_past_starts - INFO -   Merging with 'pp_third_weight' (920 rows)
2025-05-31 19:25:43,936 - src.transformers.transform_past_starts - INFO -   Shape after merge: (920, 26)
2025-05-31 19:25:43,937 - src.transformers.transform_past_starts - INFO -   Merging with 'pp_winner_margin' (920 rows)
2025-05-31 19:25:43,939 - src.transformers.transform_past_starts - INFO -   Shape after merge: (920, 27)
2025-05-31 19:25:43,940 - src.transformers.transform_past_starts - INFO -   Merging with 'pp_second_margin' (920 rows)
2025-05-31 19:25:43,942 - src.transformers.transform_past_starts - INFO -   Shape after merge: (920, 28)
2025-05-31 19:25:43,943 - src.transformers.transform_past_starts - INFO -   Merging with 'pp_third_margin' (920 rows)
2025-05-31 19:25:43,946 - src.transformers.transform_past_starts - INFO -   Shape after merge: (920, 29)
2025-05-31 19:25:43,947 - src.transformers.transform_past_starts - INFO -   Merging with 'pp_extra_comment' (920 rows)
2025-05-31 19:25:43,949 - src.transformers.transform_past_starts - INFO -   Shape after merge: (920, 30)
2025-05-31 19:25:43,949 - src.transformers.transform_past_starts - INFO -   Merging with 'pp_weight_carried' (920 rows)
2025-05-31 19:25:43,952 - src.transformers.transform_past_starts - INFO -   Shape after merge: (920, 31)
2025-05-31 19:25:43,952 - src.transformers.transform_past_starts - INFO -   Merging with 'pp_odds' (920 rows)
2025-05-31 19:25:43,956 - src.transformers.transform_past_starts - INFO -   Shape after merge: (920, 32)
2025-05-31 19:25:43,957 - src.transformers.transform_past_starts - INFO -   Merging with 'pp_entry_indicator' (920 rows)
2025-05-31 19:25:43,959 - src.transformers.transform_past_starts - INFO -   Shape after merge: (920, 33)
2025-05-31 19:25:43,959 - src.transformers.transform_past_starts - INFO -   Merging with 'pp_race_classification' (920 rows)
2025-05-31 19:25:43,961 - src.transformers.transform_past_starts - INFO -   Shape after merge: (920, 34)
2025-05-31 19:25:43,962 - src.transformers.transform_past_starts - INFO -   Merging with 'pp_claiming_price' (920 rows)
2025-05-31 19:25:43,965 - src.transformers.transform_past_starts - INFO -   Shape after merge: (920, 35)
2025-05-31 19:25:43,965 - src.transformers.transform_past_starts - INFO -   Merging with 'pp_purse' (920 rows)
2025-05-31 19:25:43,968 - src.transformers.transform_past_starts - INFO -   Shape after merge: (920, 36)
2025-05-31 19:25:43,968 - src.transformers.transform_past_starts - INFO -   Merging with 'pp_start_call_pos' (920 rows)
2025-05-31 19:25:43,973 - src.transformers.transform_past_starts - INFO -   Shape after merge: (920, 37)
2025-05-31 19:25:43,973 - src.transformers.transform_past_starts - INFO -   Merging with 'pp_first_call_pos' (920 rows)
2025-05-31 19:25:43,976 - src.transformers.transform_past_starts - INFO -   Shape after merge: (920, 38)
2025-05-31 19:25:43,976 - src.transformers.transform_past_starts - INFO -   Merging with 'pp_second_call_pos' (920 rows)
2025-05-31 19:25:43,979 - src.transformers.transform_past_starts - INFO -   Shape after merge: (920, 39)
2025-05-31 19:25:43,980 - src.transformers.transform_past_starts - INFO -   Merging with 'pp_gate_call_pos' (920 rows)
2025-05-31 19:25:43,982 - src.transformers.transform_past_starts - INFO -   Shape after merge: (920, 40)
2025-05-31 19:25:43,983 - src.transformers.transform_past_starts - INFO -   Merging with 'pp_stretch_pos' (920 rows)
2025-05-31 19:25:43,985 - src.transformers.transform_past_starts - INFO -   Shape after merge: (920, 41)
2025-05-31 19:25:43,986 - src.transformers.transform_past_starts - INFO -   Merging with 'pp_finish_pos' (920 rows)
2025-05-31 19:25:43,989 - src.transformers.transform_past_starts - INFO -   Shape after merge: (920, 42)
2025-05-31 19:25:43,989 - src.transformers.transform_past_starts - INFO -   Merging with 'pp_money_pos' (920 rows)
2025-05-31 19:25:43,993 - src.transformers.transform_past_starts - INFO -   Shape after merge: (920, 43)
2025-05-31 19:25:43,993 - src.transformers.transform_past_starts - INFO -   Merging with 'pp_start_lengths_leader' (920 rows)
2025-05-31 19:25:43,996 - src.transformers.transform_past_starts - INFO -   Shape after merge: (920, 44)
2025-05-31 19:25:43,996 - src.transformers.transform_past_starts - INFO -   Merging with 'pp_start_lengths_behind' (920 rows)
2025-05-31 19:25:43,999 - src.transformers.transform_past_starts - INFO -   Shape after merge: (920, 45)
2025-05-31 19:25:43,999 - src.transformers.transform_past_starts - INFO -   Merging with 'pp_first_call_lengths_leader' (920 rows)
2025-05-31 19:25:44,003 - src.transformers.transform_past_starts - INFO -   Shape after merge: (920, 46)
2025-05-31 19:25:44,004 - src.transformers.transform_past_starts - INFO -   Merging with 'pp_first_call_lengths_behind' (920 rows)
2025-05-31 19:25:44,007 - src.transformers.transform_past_starts - INFO -   Shape after merge: (920, 47)
2025-05-31 19:25:44,008 - src.transformers.transform_past_starts - INFO -   Merging with 'pp_second_call_lengths_leader' (920 rows)
2025-05-31 19:25:44,010 - src.transformers.transform_past_starts - INFO -   Shape after merge: (920, 48)
2025-05-31 19:25:44,010 - src.transformers.transform_past_starts - INFO -   Merging with 'pp_second_call_lengths_behind' (920 rows)
2025-05-31 19:25:44,013 - src.transformers.transform_past_starts - INFO -   Shape after merge: (920, 49)
2025-05-31 19:25:44,014 - src.transformers.transform_past_starts - INFO -   Merging with 'pp_bris_shape_1st_call' (920 rows)
2025-05-31 19:25:44,017 - src.transformers.transform_past_starts - INFO -   Shape after merge: (920, 50)
2025-05-31 19:25:44,018 - src.transformers.transform_past_starts - INFO -   Merging with 'pp_stretch_lengths_leader' (920 rows)
2025-05-31 19:25:44,022 - src.transformers.transform_past_starts - INFO -   Shape after merge: (920, 51)
2025-05-31 19:25:44,023 - src.transformers.transform_past_starts - INFO -   Merging with 'pp_stretch_lengths_behind' (920 rows)
2025-05-31 19:25:44,026 - src.transformers.transform_past_starts - INFO -   Shape after merge: (920, 52)
2025-05-31 19:25:44,027 - src.transformers.transform_past_starts - INFO -   Merging with 'pp_finish_lengths_winner' (920 rows)
2025-05-31 19:25:44,032 - src.transformers.transform_past_starts - INFO -   Shape after merge: (920, 53)
2025-05-31 19:25:44,034 - src.transformers.transform_past_starts - INFO -   Merging with 'pp_finish_lengths_behind' (920 rows)
2025-05-31 19:25:44,041 - src.transformers.transform_past_starts - INFO -   Shape after merge: (920, 54)
2025-05-31 19:25:44,044 - src.transformers.transform_past_starts - INFO -   Merging with 'pp_bris_shape_2nd_call' (920 rows)
2025-05-31 19:25:44,052 - src.transformers.transform_past_starts - INFO -   Shape after merge: (920, 55)
2025-05-31 19:25:44,053 - src.transformers.transform_past_starts - INFO -   Merging with 'pp_bris_2f_pace' (920 rows)
2025-05-31 19:25:44,057 - src.transformers.transform_past_starts - INFO -   Shape after merge: (920, 56)
2025-05-31 19:25:44,059 - src.transformers.transform_past_starts - INFO -   Merging with 'pp_bris_4f_pace' (920 rows)
2025-05-31 19:25:44,066 - src.transformers.transform_past_starts - INFO -   Shape after merge: (920, 57)
2025-05-31 19:25:44,067 - src.transformers.transform_past_starts - INFO -   Merging with 'pp_bris_6f_pace' (920 rows)
2025-05-31 19:25:44,074 - src.transformers.transform_past_starts - INFO -   Shape after merge: (920, 58)
2025-05-31 19:25:44,075 - src.transformers.transform_past_starts - INFO -   Merging with 'pp_bris_8f_pace' (920 rows)
2025-05-31 19:25:44,079 - src.transformers.transform_past_starts - INFO -   Shape after merge: (920, 59)
2025-05-31 19:25:44,082 - src.transformers.transform_past_starts - INFO -   Merging with 'pp_bris_10f_pace' (920 rows)
2025-05-31 19:25:44,086 - src.transformers.transform_past_starts - INFO -   Shape after merge: (920, 60)
2025-05-31 19:25:44,087 - src.transformers.transform_past_starts - INFO -   Merging with 'pp_bris_late_pace' (920 rows)
2025-05-31 19:25:44,093 - src.transformers.transform_past_starts - INFO -   Shape after merge: (920, 61)
2025-05-31 19:25:44,093 - src.transformers.transform_past_starts - INFO -   Merging with 'pp_bris_speed_rating' (920 rows)
2025-05-31 19:25:44,099 - src.transformers.transform_past_starts - INFO -   Shape after merge: (920, 62)
2025-05-31 19:25:44,100 - src.transformers.transform_past_starts - INFO -   Merging with 'pp_speed_rating_alt' (920 rows)
2025-05-31 19:25:44,104 - src.transformers.transform_past_starts - INFO -   Shape after merge: (920, 63)
2025-05-31 19:25:44,106 - src.transformers.transform_past_starts - INFO -   Merging with 'pp_track_variant' (920 rows)
2025-05-31 19:25:44,109 - src.transformers.transform_past_starts - INFO -   Shape after merge: (920, 64)
2025-05-31 19:25:44,109 - src.transformers.transform_past_starts - INFO -   Merging with 'pp_frac_2f' (920 rows)
2025-05-31 19:25:44,113 - src.transformers.transform_past_starts - INFO -   Shape after merge: (920, 65)
2025-05-31 19:25:44,113 - src.transformers.transform_past_starts - INFO -   Merging with 'pp_frac_3f' (920 rows)
2025-05-31 19:25:44,117 - src.transformers.transform_past_starts - INFO -   Shape after merge: (920, 66)
2025-05-31 19:25:44,117 - src.transformers.transform_past_starts - INFO -   Merging with 'pp_frac_4f' (920 rows)
2025-05-31 19:25:44,121 - src.transformers.transform_past_starts - INFO -   Shape after merge: (920, 67)
2025-05-31 19:25:44,121 - src.transformers.transform_past_starts - INFO -   Merging with 'pp_frac_5f' (920 rows)
2025-05-31 19:25:44,124 - src.transformers.transform_past_starts - INFO -   Shape after merge: (920, 68)
2025-05-31 19:25:44,125 - src.transformers.transform_past_starts - INFO -   Merging with 'pp_frac_6f' (920 rows)
2025-05-31 19:25:44,128 - src.transformers.transform_past_starts - INFO -   Shape after merge: (920, 69)
2025-05-31 19:25:44,128 - src.transformers.transform_past_starts - INFO -   Merging with 'pp_frac_7f' (920 rows)
2025-05-31 19:25:44,132 - src.transformers.transform_past_starts - INFO -   Shape after merge: (920, 70)
2025-05-31 19:25:44,132 - src.transformers.transform_past_starts - INFO -   Merging with 'pp_frac_8f' (920 rows)
2025-05-31 19:25:44,135 - src.transformers.transform_past_starts - INFO -   Shape after merge: (920, 71)
2025-05-31 19:25:44,136 - src.transformers.transform_past_starts - INFO -   Merging with 'pp_frac_10f' (920 rows)
2025-05-31 19:25:44,139 - src.transformers.transform_past_starts - INFO -   Shape after merge: (920, 72)
2025-05-31 19:25:44,140 - src.transformers.transform_past_starts - INFO -   Merging with 'pp_frac_12f' (920 rows)
2025-05-31 19:25:44,143 - src.transformers.transform_past_starts - INFO -   Shape after merge: (920, 73)
2025-05-31 19:25:44,144 - src.transformers.transform_past_starts - INFO -   Merging with 'pp_frac_14f' (920 rows)
2025-05-31 19:25:44,147 - src.transformers.transform_past_starts - INFO -   Shape after merge: (920, 74)
2025-05-31 19:25:44,148 - src.transformers.transform_past_starts - INFO -   Merging with 'pp_frac_16f' (920 rows)
2025-05-31 19:25:44,151 - src.transformers.transform_past_starts - INFO -   Shape after merge: (920, 75)
2025-05-31 19:25:44,152 - src.transformers.transform_past_starts - INFO -   Merging with 'pp_fraction_1' (920 rows)
2025-05-31 19:25:44,155 - src.transformers.transform_past_starts - INFO -   Shape after merge: (920, 76)
2025-05-31 19:25:44,156 - src.transformers.transform_past_starts - INFO -   Merging with 'pp_fraction_2' (920 rows)
2025-05-31 19:25:44,160 - src.transformers.transform_past_starts - INFO -   Shape after merge: (920, 77)
2025-05-31 19:25:44,161 - src.transformers.transform_past_starts - INFO -   Merging with 'pp_fraction_3' (920 rows)
2025-05-31 19:25:44,164 - src.transformers.transform_past_starts - INFO -   Shape after merge: (920, 78)
2025-05-31 19:25:44,165 - src.transformers.transform_past_starts - INFO -   Merging with 'pp_final_time' (920 rows)
2025-05-31 19:25:44,183 - src.transformers.transform_past_starts - INFO -   Shape after merge: (920, 79)
2025-05-31 19:25:44,184 - src.transformers.transform_past_starts - INFO -   Merging with 'pp_claimed_code' (920 rows)
2025-05-31 19:25:44,188 - src.transformers.transform_past_starts - INFO -   Shape after merge: (920, 80)
2025-05-31 19:25:44,189 - src.transformers.transform_past_starts - INFO -   Merging with 'pp_trainer' (920 rows)
2025-05-31 19:25:44,192 - src.transformers.transform_past_starts - INFO -   Shape after merge: (920, 81)
2025-05-31 19:25:44,193 - src.transformers.transform_past_starts - INFO -   Merging with 'pp_jockey' (920 rows)
2025-05-31 19:25:44,196 - src.transformers.transform_past_starts - INFO -   Shape after merge: (920, 82)
2025-05-31 19:25:44,197 - src.transformers.transform_past_starts - INFO -   Merging with 'pp_apprentice_allow' (920 rows)
2025-05-31 19:25:44,200 - src.transformers.transform_past_starts - INFO -   Shape after merge: (920, 83)
2025-05-31 19:25:44,201 - src.transformers.transform_past_starts - INFO -   Merging with 'pp_race_type' (920 rows)
2025-05-31 19:25:44,205 - src.transformers.transform_past_starts - INFO -   Shape after merge: (920, 84)
2025-05-31 19:25:44,206 - src.transformers.transform_past_starts - INFO -   Merging with 'pp_age_sex_restrict' (920 rows)
2025-05-31 19:25:44,209 - src.transformers.transform_past_starts - INFO -   Shape after merge: (920, 85)
2025-05-31 19:25:44,209 - src.transformers.transform_past_starts - INFO -   Merging with 'pp_statebred_flag' (920 rows)
2025-05-31 19:25:44,213 - src.transformers.transform_past_starts - INFO -   Shape after merge: (920, 86)
2025-05-31 19:25:44,213 - src.transformers.transform_past_starts - INFO -   Merging with 'pp_restricted_flag' (920 rows)
2025-05-31 19:25:44,217 - src.transformers.transform_past_starts - INFO -   Shape after merge: (920, 87)
2025-05-31 19:25:44,218 - src.transformers.transform_past_starts - INFO -   Merging with 'pp_favorite_indicator' (920 rows)
2025-05-31 19:25:44,222 - src.transformers.transform_past_starts - INFO -   Shape after merge: (920, 88)
2025-05-31 19:25:44,223 - src.transformers.transform_past_starts - INFO -   Merging with 'pp_front_bandages' (920 rows)
2025-05-31 19:25:44,227 - src.transformers.transform_past_starts - INFO -   Shape after merge: (920, 89)
2025-05-31 19:25:44,227 - src.transformers.transform_past_starts - INFO -   Merging with 'pp_bris_speed_par' (920 rows)
2025-05-31 19:25:44,230 - src.transformers.transform_past_starts - INFO -   Shape after merge: (920, 90)
2025-05-31 19:25:44,231 - src.transformers.transform_past_starts - INFO -   Merging with 'pp_bar_shoe' (920 rows)
2025-05-31 19:25:44,235 - src.transformers.transform_past_starts - INFO -   Shape after merge: (920, 91)
2025-05-31 19:25:44,236 - src.transformers.transform_past_starts - INFO -   Merging with 'pp_company_line' (920 rows)
2025-05-31 19:25:44,240 - src.transformers.transform_past_starts - INFO -   Shape after merge: (920, 92)
2025-05-31 19:25:44,241 - src.transformers.transform_past_starts - INFO -   Merging with 'pp_low_claiming' (920 rows)
2025-05-31 19:25:44,244 - src.transformers.transform_past_starts - INFO -   Shape after merge: (920, 93)
2025-05-31 19:25:44,245 - src.transformers.transform_past_starts - INFO -   Merging with 'pp_high_claiming' (920 rows)
2025-05-31 19:25:44,250 - src.transformers.transform_past_starts - INFO -   Shape after merge: (920, 94)
2025-05-31 19:25:44,252 - src.transformers.transform_past_starts - INFO -   Merging with 'pp_misc_code' (920 rows)
2025-05-31 19:25:44,258 - src.transformers.transform_past_starts - INFO -   Shape after merge: (920, 95)
2025-05-31 19:25:44,259 - src.transformers.transform_past_starts - INFO -   Merging with 'pp_ext_start_comment' (920 rows)
2025-05-31 19:25:44,265 - src.transformers.transform_past_starts - INFO -   Shape after merge: (920, 96)
2025-05-31 19:25:44,266 - src.transformers.transform_past_starts - INFO -   Merging with 'pp_sealed_track' (920 rows)
2025-05-31 19:25:44,272 - src.transformers.transform_past_starts - INFO -   Shape after merge: (920, 97)
2025-05-31 19:25:44,272 - src.transformers.transform_past_starts - INFO -   Merging with 'pp_aw_surface_flag' (920 rows)
2025-05-31 19:25:44,280 - src.transformers.transform_past_starts - INFO -   Shape after merge: (920, 98)
2025-05-31 19:25:44,282 - src.transformers.transform_past_starts - INFO -   Merging with 'pp_eqb_conditions' (920 rows)
2025-05-31 19:25:44,292 - src.transformers.transform_past_starts - INFO -   Shape after merge: (920, 99)
2025-05-31 19:25:44,329 - src.transformers.transform_past_starts - INFO -   Added 'pp_distance_type' classification to past starts.
2025-05-31 19:25:44,522 - src.transformers.transform_past_starts - INFO - Saving long format past performance data to: C:\Users\nblza1\OneDrive - NBIM\Documents\Coding\horse_racing_project\data\processed\past_starts_long_format.parquet
2025-05-31 19:25:44,540 - src.transformers.transform_past_starts - INFO - Save complete.
2025-05-31 19:25:44,540 - src.transformers.transform_past_starts - INFO - Output DataFrame Info:
2025-05-31 19:25:44,543 - src.transformers.transform_past_starts - INFO - --- Past Performance Reshaping Script Finished (2025-05-31 19:25:44 EDT) ---
2025-05-31 19:25:44,546 - __main__ - INFO - --- Step 4: Transforming past starts completed ---
2025-05-31 19:25:44,546 - __main__ - INFO - --- Step 5: Engineering features ---
2025-05-31 19:25:45,019 - __main__ - INFO - --- Step 5: Engineering features completed ---
2025-05-31 19:25:45,019 - __main__ - INFO - Running advanced fitness metrics...
2025-05-31 19:25:45,110 - src.transformers.advanced_fitness_metrics - INFO - Calculating all advanced fitness metrics...
2025-05-31 19:25:45,110 - src.transformers.advanced_fitness_metrics - INFO - Calculating Recovery Rate Index...
2025-05-31 19:25:45,154 - src.transformers.advanced_fitness_metrics - INFO - Calculating Form Momentum Score...
2025-05-31 19:25:45,241 - src.transformers.advanced_fitness_metrics - INFO - Calculating Cardiovascular Fitness Proxy...
2025-05-31 19:25:45,275 - src.transformers.advanced_fitness_metrics - INFO - Calculating Sectional Improvement Index...
2025-05-31 19:25:45,302 - src.transformers.advanced_fitness_metrics - INFO - Calculating Energy Distribution Profile...
2025-05-31 19:25:45,388 - src.transformers.advanced_fitness_metrics - INFO - Calculating Workout Fitness Indicators...
2025-05-31 19:25:45,463 - src.transformers.advanced_fitness_metrics - INFO - Calculated fitness metrics for 92 horses
2025-05-31 19:25:45,473 - src.transformers.advanced_fitness_metrics - INFO - Saved fitness metrics to data\processed\advanced_fitness_metrics.parquet
2025-05-31 19:25:45,486 - __main__ - INFO - Running sophisticated workout analysis...
2025-05-31 19:25:45,532 - src.transformers.sophisticated_workout_analysis - INFO - Calculating all workout metrics...
2025-05-31 19:25:45,533 - src.transformers.sophisticated_workout_analysis - INFO - Calculating workout quality scores...
2025-05-31 19:25:45,644 - src.transformers.sophisticated_workout_analysis - INFO - Identifying trainer intent signals...
2025-05-31 19:25:45,847 - src.transformers.sophisticated_workout_analysis - INFO - Analyzed workouts for 92 horses
2025-05-31 19:25:45,848 - src.transformers.sophisticated_workout_analysis - INFO - Generating trainer pattern report...
2025-05-31 19:25:45,848 - src.transformers.sophisticated_workout_analysis - INFO - Analyzing trainer-specific workout patterns...
2025-05-31 19:25:45,950 - src.transformers.sophisticated_workout_analysis - INFO - Analyzing work-to-race translation...
2025-05-31 19:25:46,654 - src.transformers.sophisticated_workout_analysis - INFO - Saved workout analysis to data\processed\sophisticated_workout_analysis.parquet
2025-05-31 19:25:46,657 - src.transformers.sophisticated_workout_analysis - INFO - Saved trainer patterns to data\processed\trainer_workout_patterns.csv
2025-05-31 19:25:46,658 - src.transformers.sophisticated_workout_analysis - INFO - Saved translation analysis to data\processed\workout_race_translation.csv
2025-05-31 19:25:46,678 - __main__ - INFO - Running advanced pace projection...
2025-05-31 19:25:46,679 - __main__ - ERROR - Pipeline aborted: An import error occurred. Details: No module named 'src.transformers.advanced_pace_projection'
Traceback (most recent call last):
  File "c:\Users\nblza1\OneDrive - NBIM\Documents\Coding\horse_racing_project\run_pipeline.py", line 142, in run_complete_pipeline
    from src.transformers.advanced_pace_projection import main as run_pace_analysis
ModuleNotFoundError: No module named 'src.transformers.advanced_pace_projection'
