2025-06-02 22:28:54,981 - __main__ - INFO - Pipeline started. Project Root: C:\Users\Larry\Documents\horse_racing_project
2025-06-02 22:28:54,982 - __main__ - INFO - Using settings: RAW_DATA_DIR=C:\Users\Larry\Documents\horse_racing_project\data\raw, PROCESSED_DATA_DIR=C:\Users\Larry\Documents\horse_racing_project\data\processed, CACHE_DIR=C:\Users\Larry\Documents\horse_racing_project\data\cache
2025-06-02 22:28:54,982 - __main__ - INFO - === Starting Horse Racing Data Pipeline ===
2025-06-02 22:28:54,982 - __main__ - INFO - Searching for DRF files in: C:\Users\Larry\Documents\horse_racing_project\data\raw with pattern: '*DRF'
2025-06-02 22:28:54,983 - __main__ - INFO - Using DRF file: CDX0503.DRF
2025-06-02 22:28:54,983 - __main__ - INFO - --- Step 1: Parsing DRF file (using src/parsers/bris_spec_new.py) ---
2025-06-02 22:28:54,984 - src.parsers.bris_spec_new - INFO - --- bris_spec_new.main() starting ---
2025-06-02 22:28:54,984 - src.parsers.bris_spec_new - INFO - Processing DRF file provided as argument: C:\Users\Larry\Documents\horse_racing_project\data\raw\CDX0503.DRF
2025-06-02 22:28:54,985 - src.parsers.bris_spec_new - INFO - Loading specification cache from: C:\Users\Larry\Documents\horse_racing_project\data\cache\bris_spec.pkl
2025-06-02 22:28:54,987 - src.parsers.bris_spec_new - INFO - Parsing field types from: C:\Users\Larry\Documents\horse_racing_project\data\raw\bris_dict.txt
2025-06-02 22:28:54,999 - src.parsers.bris_spec_new - INFO - Parsed types for 190 fields from bris_dict.txt.
2025-06-02 22:28:55,000 - src.parsers.bris_spec_new - INFO - 
Attempting to parse CDX0503.DRF as comma-delimited...
2025-06-02 22:28:55,001 - src.parsers.bris_spec_new - INFO - Excluding columns starting with 'reserved'. Using 1321 out of 1435 columns.
2025-06-02 22:28:55,108 - src.parsers.bris_spec_new - INFO - Parsing successful. Read 187 lines from CDX0503.DRF.
2025-06-02 22:28:55,108 - src.parsers.bris_spec_new - INFO - 
Identifying column types using parsed bris_dict.txt info...
2025-06-02 22:28:55,156 - src.parsers.bris_spec_new - INFO - Identified 123 numeric columns using spec.
2025-06-02 22:28:55,157 - src.parsers.bris_spec_new - INFO - Identified 21 date columns using spec.
2025-06-02 22:28:55,157 - src.parsers.bris_spec_new - INFO - 
Attempting data type conversions...
2025-06-02 22:28:55,159 - src.parsers.bris_spec_new - INFO - Converting 123 columns to numeric...
2025-06-02 22:28:55,183 - src.parsers.bris_spec_new - INFO - Successfully converted 123 numeric columns.
2025-06-02 22:28:55,183 - src.parsers.bris_spec_new - INFO - Converting 21 columns to datetime...
2025-06-02 22:28:55,194 - src.parsers.bris_spec_new - INFO - Successfully converted 21 date columns.
2025-06-02 22:28:55,209 - src.parsers.bris_spec_new - INFO - 
Saving the processed data to Parquet file: C:\Users\Larry\Documents\horse_racing_project\data\processed\parsed_race_data_full.parquet
2025-06-02 22:28:55,379 - src.parsers.bris_spec_new - INFO - 
Successfully saved final data to: C:\Users\Larry\Documents\horse_racing_project\data\processed\parsed_race_data_full.parquet
2025-06-02 22:28:55,379 - src.parsers.bris_spec_new - INFO - Final DataFrame shape: (187, 1332)
2025-06-02 22:28:55,379 - src.parsers.bris_spec_new - INFO - Final DataFrame Info:
2025-06-02 22:28:55,380 - src.parsers.bris_spec_new - INFO - --- bris_spec_new.main() finished ---
2025-06-02 22:28:55,382 - __main__ - INFO - --- Step 1: Parsing DRF file completed ---
2025-06-02 22:28:55,382 - __main__ - INFO - --- Step 2: Creating current race info ---
2025-06-02 22:28:55,439 - src.transformers.current_race_info - INFO - --- Creating Current Race Info File (2025-06-02 22:28:55 EDT) ---
2025-06-02 22:28:55,439 - src.transformers.current_race_info - INFO - Loading wide format data from: C:\Users\Larry\Documents\horse_racing_project\data\processed\parsed_race_data_full.parquet
2025-06-02 22:28:55,573 - src.transformers.current_race_info - INFO - Loaded wide data with shape: (187, 1332)
2025-06-02 22:28:55,579 - src.transformers.current_race_info - INFO - 
Dropping 1018 wide workout/past performance columns...
2025-06-02 22:28:55,599 - src.transformers.current_race_info - INFO - DataFrame shape after dropping columns: (187, 335)
2025-06-02 22:28:55,600 - src.transformers.current_race_info - INFO - Number of columns actually dropped: 997
2025-06-02 22:28:55,602 - src.transformers.current_race_info - INFO - 
Saving current race info data to: C:\Users\Larry\Documents\horse_racing_project\data\processed\current_race_info.parquet
2025-06-02 22:28:55,657 - src.transformers.current_race_info - INFO - Save complete.
2025-06-02 22:28:55,657 - src.transformers.current_race_info - INFO - 
Output DataFrame Info:
2025-06-02 22:28:55,657 - src.transformers.current_race_info - INFO - 
--- Script Finished (2025-06-02 22:28:55 EDT) ---
2025-06-02 22:28:55,660 - __main__ - INFO - --- Step 2: Creating current race info completed ---
2025-06-02 22:28:55,660 - __main__ - INFO - --- Step 3: Transforming workouts ---
2025-06-02 22:28:55,660 - src.transformers.transform_workouts - INFO - --- Starting Workout Data Reshaping (2025-06-02 22:28:55 EDT) ---
2025-06-02 22:28:55,765 - src.transformers.transform_workouts - INFO - Using ID Variables: ['track', 'race', 'post_position', 'horse_name']
2025-06-02 22:28:55,765 - src.transformers.transform_workouts - INFO - Reshaping workout data using specification (Field# -> Actual Column Label)...
2025-06-02 22:28:55,778 - src.transformers.transform_workouts - INFO - Concatenating data for all workouts...
2025-06-02 22:28:55,781 - src.transformers.transform_workouts - INFO - Raw concatenated workout data shape: (2244, 14)
2025-06-02 22:28:55,791 - src.transformers.transform_workouts - INFO - Saving long format workout data to: C:\Users\Larry\Documents\horse_racing_project\data\processed\workouts_long_format.parquet
2025-06-02 22:28:55,801 - src.transformers.transform_workouts - INFO - Save complete.
2025-06-02 22:28:55,801 - src.transformers.transform_workouts - INFO - Output DataFrame Info:
2025-06-02 22:28:55,805 - src.transformers.transform_workouts - INFO - --- Workout Reshaping Script Finished (2025-06-02 22:28:55 EDT) ---
2025-06-02 22:28:55,807 - __main__ - INFO - --- Step 3: Transforming workouts completed ---
2025-06-02 22:28:55,807 - __main__ - INFO - --- Step 4: Transforming past starts ---
2025-06-02 22:28:55,808 - src.transformers.transform_past_starts - INFO - --- Starting Past Performance Data Reshaping (2025-06-02 22:28:55 EDT) ---
2025-06-02 22:28:55,916 - src.transformers.transform_past_starts - INFO - Using ID Variables: ['track', 'race', 'post_position', 'horse_name']
2025-06-02 22:28:55,916 - src.transformers.transform_past_starts - INFO - Reshaping past performance data using specification and pd.melt...
2025-06-02 22:28:56,333 - src.transformers.transform_past_starts - INFO - Joining 94 melted metric DataFrames...
2025-06-02 22:28:56,333 - src.transformers.transform_past_starts - INFO -   Starting join with 'pp_race_date' (1870 rows)
2025-06-02 22:28:56,334 - src.transformers.transform_past_starts - INFO -   Merging with 'pp_days_since_prev' (1683 rows)
2025-06-02 22:28:56,338 - src.transformers.transform_past_starts - INFO -   Shape after merge: (1870, 7)
2025-06-02 22:28:56,339 - src.transformers.transform_past_starts - INFO -   Merging with 'pp_track_code' (1870 rows)
2025-06-02 22:28:56,344 - src.transformers.transform_past_starts - INFO -   Shape after merge: (1870, 8)
2025-06-02 22:28:56,345 - src.transformers.transform_past_starts - INFO -   Merging with 'pp_track_code_bris' (1870 rows)
2025-06-02 22:28:56,350 - src.transformers.transform_past_starts - INFO -   Shape after merge: (1870, 9)
2025-06-02 22:28:56,351 - src.transformers.transform_past_starts - INFO -   Merging with 'pp_race_num' (1870 rows)
2025-06-02 22:28:56,354 - src.transformers.transform_past_starts - INFO -   Shape after merge: (1870, 10)
2025-06-02 22:28:56,355 - src.transformers.transform_past_starts - INFO -   Merging with 'pp_track_condition' (1870 rows)
2025-06-02 22:28:56,358 - src.transformers.transform_past_starts - INFO -   Shape after merge: (1870, 11)
2025-06-02 22:28:56,359 - src.transformers.transform_past_starts - INFO -   Merging with 'pp_distance' (1870 rows)
2025-06-02 22:28:56,363 - src.transformers.transform_past_starts - INFO -   Shape after merge: (1870, 12)
2025-06-02 22:28:56,364 - src.transformers.transform_past_starts - INFO -   Merging with 'pp_surface' (1870 rows)
2025-06-02 22:28:56,368 - src.transformers.transform_past_starts - INFO -   Shape after merge: (1870, 13)
2025-06-02 22:28:56,369 - src.transformers.transform_past_starts - INFO -   Merging with 'pp_chute_indicator' (1870 rows)
2025-06-02 22:28:56,372 - src.transformers.transform_past_starts - INFO -   Shape after merge: (1870, 14)
2025-06-02 22:28:56,374 - src.transformers.transform_past_starts - INFO -   Merging with 'pp_num_entrants' (1870 rows)
2025-06-02 22:28:56,378 - src.transformers.transform_past_starts - INFO -   Shape after merge: (1870, 15)
2025-06-02 22:28:56,378 - src.transformers.transform_past_starts - INFO -   Merging with 'pp_post_position' (1870 rows)
2025-06-02 22:28:56,383 - src.transformers.transform_past_starts - INFO -   Shape after merge: (1870, 16)
2025-06-02 22:28:56,384 - src.transformers.transform_past_starts - INFO -   Merging with 'pp_equipment' (1870 rows)
2025-06-02 22:28:56,387 - src.transformers.transform_past_starts - INFO -   Shape after merge: (1870, 17)
2025-06-02 22:28:56,388 - src.transformers.transform_past_starts - INFO -   Merging with 'pp_racename' (1870 rows)
2025-06-02 22:28:56,392 - src.transformers.transform_past_starts - INFO -   Shape after merge: (1870, 18)
2025-06-02 22:28:56,393 - src.transformers.transform_past_starts - INFO -   Merging with 'pp_medication' (1870 rows)
2025-06-02 22:28:56,399 - src.transformers.transform_past_starts - INFO -   Shape after merge: (1870, 19)
2025-06-02 22:28:56,401 - src.transformers.transform_past_starts - INFO -   Merging with 'pp_trip_comment' (1870 rows)
2025-06-02 22:28:56,404 - src.transformers.transform_past_starts - INFO -   Shape after merge: (1870, 20)
2025-06-02 22:28:56,406 - src.transformers.transform_past_starts - INFO -   Merging with 'pp_winner_name' (1870 rows)
2025-06-02 22:28:56,410 - src.transformers.transform_past_starts - INFO -   Shape after merge: (1870, 21)
2025-06-02 22:28:56,411 - src.transformers.transform_past_starts - INFO -   Merging with 'pp_second_name' (1870 rows)
2025-06-02 22:28:56,416 - src.transformers.transform_past_starts - INFO -   Shape after merge: (1870, 22)
2025-06-02 22:28:56,417 - src.transformers.transform_past_starts - INFO -   Merging with 'pp_third_name' (1870 rows)
2025-06-02 22:28:56,421 - src.transformers.transform_past_starts - INFO -   Shape after merge: (1870, 23)
2025-06-02 22:28:56,421 - src.transformers.transform_past_starts - INFO -   Merging with 'pp_winner_weight' (1870 rows)
2025-06-02 22:28:56,426 - src.transformers.transform_past_starts - INFO -   Shape after merge: (1870, 24)
2025-06-02 22:28:56,427 - src.transformers.transform_past_starts - INFO -   Merging with 'pp_second_weight' (1870 rows)
2025-06-02 22:28:56,432 - src.transformers.transform_past_starts - INFO -   Shape after merge: (1870, 25)
2025-06-02 22:28:56,433 - src.transformers.transform_past_starts - INFO -   Merging with 'pp_third_weight' (1870 rows)
2025-06-02 22:28:56,437 - src.transformers.transform_past_starts - INFO -   Shape after merge: (1870, 26)
2025-06-02 22:28:56,438 - src.transformers.transform_past_starts - INFO -   Merging with 'pp_winner_margin' (1870 rows)
2025-06-02 22:28:56,442 - src.transformers.transform_past_starts - INFO -   Shape after merge: (1870, 27)
2025-06-02 22:28:56,442 - src.transformers.transform_past_starts - INFO -   Merging with 'pp_second_margin' (1870 rows)
2025-06-02 22:28:56,446 - src.transformers.transform_past_starts - INFO -   Shape after merge: (1870, 28)
2025-06-02 22:28:56,448 - src.transformers.transform_past_starts - INFO -   Merging with 'pp_third_margin' (1870 rows)
2025-06-02 22:28:56,453 - src.transformers.transform_past_starts - INFO -   Shape after merge: (1870, 29)
2025-06-02 22:28:56,454 - src.transformers.transform_past_starts - INFO -   Merging with 'pp_extra_comment' (1870 rows)
2025-06-02 22:28:56,457 - src.transformers.transform_past_starts - INFO -   Shape after merge: (1870, 30)
2025-06-02 22:28:56,458 - src.transformers.transform_past_starts - INFO -   Merging with 'pp_weight_carried' (1870 rows)
2025-06-02 22:28:56,463 - src.transformers.transform_past_starts - INFO -   Shape after merge: (1870, 31)
2025-06-02 22:28:56,465 - src.transformers.transform_past_starts - INFO -   Merging with 'pp_odds' (1870 rows)
2025-06-02 22:28:56,469 - src.transformers.transform_past_starts - INFO -   Shape after merge: (1870, 32)
2025-06-02 22:28:56,471 - src.transformers.transform_past_starts - INFO -   Merging with 'pp_entry_indicator' (1870 rows)
2025-06-02 22:28:56,475 - src.transformers.transform_past_starts - INFO -   Shape after merge: (1870, 33)
2025-06-02 22:28:56,476 - src.transformers.transform_past_starts - INFO -   Merging with 'pp_race_classification' (1870 rows)
2025-06-02 22:28:56,480 - src.transformers.transform_past_starts - INFO -   Shape after merge: (1870, 34)
2025-06-02 22:28:56,481 - src.transformers.transform_past_starts - INFO -   Merging with 'pp_claiming_price' (1870 rows)
2025-06-02 22:28:56,486 - src.transformers.transform_past_starts - INFO -   Shape after merge: (1870, 35)
2025-06-02 22:28:56,487 - src.transformers.transform_past_starts - INFO -   Merging with 'pp_purse' (1870 rows)
2025-06-02 22:28:56,491 - src.transformers.transform_past_starts - INFO -   Shape after merge: (1870, 36)
2025-06-02 22:28:56,493 - src.transformers.transform_past_starts - INFO -   Merging with 'pp_start_call_pos' (1870 rows)
2025-06-02 22:28:56,497 - src.transformers.transform_past_starts - INFO -   Shape after merge: (1870, 37)
2025-06-02 22:28:56,498 - src.transformers.transform_past_starts - INFO -   Merging with 'pp_first_call_pos' (1870 rows)
2025-06-02 22:28:56,502 - src.transformers.transform_past_starts - INFO -   Shape after merge: (1870, 38)
2025-06-02 22:28:56,503 - src.transformers.transform_past_starts - INFO -   Merging with 'pp_second_call_pos' (1870 rows)
2025-06-02 22:28:56,507 - src.transformers.transform_past_starts - INFO -   Shape after merge: (1870, 39)
2025-06-02 22:28:56,508 - src.transformers.transform_past_starts - INFO -   Merging with 'pp_gate_call_pos' (1870 rows)
2025-06-02 22:28:56,513 - src.transformers.transform_past_starts - INFO -   Shape after merge: (1870, 40)
2025-06-02 22:28:56,515 - src.transformers.transform_past_starts - INFO -   Merging with 'pp_stretch_pos' (1870 rows)
2025-06-02 22:28:56,520 - src.transformers.transform_past_starts - INFO -   Shape after merge: (1870, 41)
2025-06-02 22:28:56,522 - src.transformers.transform_past_starts - INFO -   Merging with 'pp_finish_pos' (1870 rows)
2025-06-02 22:28:56,526 - src.transformers.transform_past_starts - INFO -   Shape after merge: (1870, 42)
2025-06-02 22:28:56,528 - src.transformers.transform_past_starts - INFO -   Merging with 'pp_money_pos' (1870 rows)
2025-06-02 22:28:56,533 - src.transformers.transform_past_starts - INFO -   Shape after merge: (1870, 43)
2025-06-02 22:28:56,534 - src.transformers.transform_past_starts - INFO -   Merging with 'pp_start_lengths_leader' (1870 rows)
2025-06-02 22:28:56,539 - src.transformers.transform_past_starts - INFO -   Shape after merge: (1870, 44)
2025-06-02 22:28:56,540 - src.transformers.transform_past_starts - INFO -   Merging with 'pp_start_lengths_behind' (1870 rows)
2025-06-02 22:28:56,545 - src.transformers.transform_past_starts - INFO -   Shape after merge: (1870, 45)
2025-06-02 22:28:56,546 - src.transformers.transform_past_starts - INFO -   Merging with 'pp_first_call_lengths_leader' (1870 rows)
2025-06-02 22:28:56,551 - src.transformers.transform_past_starts - INFO -   Shape after merge: (1870, 46)
2025-06-02 22:28:56,552 - src.transformers.transform_past_starts - INFO -   Merging with 'pp_first_call_lengths_behind' (1870 rows)
2025-06-02 22:28:56,557 - src.transformers.transform_past_starts - INFO -   Shape after merge: (1870, 47)
2025-06-02 22:28:56,558 - src.transformers.transform_past_starts - INFO -   Merging with 'pp_second_call_lengths_leader' (1870 rows)
2025-06-02 22:28:56,564 - src.transformers.transform_past_starts - INFO -   Shape after merge: (1870, 48)
2025-06-02 22:28:56,566 - src.transformers.transform_past_starts - INFO -   Merging with 'pp_second_call_lengths_behind' (1870 rows)
2025-06-02 22:28:56,572 - src.transformers.transform_past_starts - INFO -   Shape after merge: (1870, 49)
2025-06-02 22:28:56,573 - src.transformers.transform_past_starts - INFO -   Merging with 'pp_bris_shape_1st_call' (1870 rows)
2025-06-02 22:28:56,578 - src.transformers.transform_past_starts - INFO -   Shape after merge: (1870, 50)
2025-06-02 22:28:56,579 - src.transformers.transform_past_starts - INFO -   Merging with 'pp_stretch_lengths_leader' (1870 rows)
2025-06-02 22:28:56,586 - src.transformers.transform_past_starts - INFO -   Shape after merge: (1870, 51)
2025-06-02 22:28:56,587 - src.transformers.transform_past_starts - INFO -   Merging with 'pp_stretch_lengths_behind' (1870 rows)
2025-06-02 22:28:56,592 - src.transformers.transform_past_starts - INFO -   Shape after merge: (1870, 52)
2025-06-02 22:28:56,593 - src.transformers.transform_past_starts - INFO -   Merging with 'pp_finish_lengths_winner' (1870 rows)
2025-06-02 22:28:56,599 - src.transformers.transform_past_starts - INFO -   Shape after merge: (1870, 53)
2025-06-02 22:28:56,600 - src.transformers.transform_past_starts - INFO -   Merging with 'pp_finish_lengths_behind' (1870 rows)
2025-06-02 22:28:56,605 - src.transformers.transform_past_starts - INFO -   Shape after merge: (1870, 54)
2025-06-02 22:28:56,606 - src.transformers.transform_past_starts - INFO -   Merging with 'pp_bris_shape_2nd_call' (1870 rows)
2025-06-02 22:28:56,612 - src.transformers.transform_past_starts - INFO -   Shape after merge: (1870, 55)
2025-06-02 22:28:56,613 - src.transformers.transform_past_starts - INFO -   Merging with 'pp_bris_2f_pace' (1870 rows)
2025-06-02 22:28:56,619 - src.transformers.transform_past_starts - INFO -   Shape after merge: (1870, 56)
2025-06-02 22:28:56,620 - src.transformers.transform_past_starts - INFO -   Merging with 'pp_bris_4f_pace' (1870 rows)
2025-06-02 22:28:56,626 - src.transformers.transform_past_starts - INFO -   Shape after merge: (1870, 57)
2025-06-02 22:28:56,627 - src.transformers.transform_past_starts - INFO -   Merging with 'pp_bris_6f_pace' (1870 rows)
2025-06-02 22:28:56,634 - src.transformers.transform_past_starts - INFO -   Shape after merge: (1870, 58)
2025-06-02 22:28:56,635 - src.transformers.transform_past_starts - INFO -   Merging with 'pp_bris_8f_pace' (1870 rows)
2025-06-02 22:28:56,640 - src.transformers.transform_past_starts - INFO -   Shape after merge: (1870, 59)
2025-06-02 22:28:56,641 - src.transformers.transform_past_starts - INFO -   Merging with 'pp_bris_10f_pace' (1870 rows)
2025-06-02 22:28:56,648 - src.transformers.transform_past_starts - INFO -   Shape after merge: (1870, 60)
2025-06-02 22:28:56,649 - src.transformers.transform_past_starts - INFO -   Merging with 'pp_bris_late_pace' (1870 rows)
2025-06-02 22:28:56,655 - src.transformers.transform_past_starts - INFO -   Shape after merge: (1870, 61)
2025-06-02 22:28:56,656 - src.transformers.transform_past_starts - INFO -   Merging with 'pp_bris_speed_rating' (1870 rows)
2025-06-02 22:28:56,662 - src.transformers.transform_past_starts - INFO -   Shape after merge: (1870, 62)
2025-06-02 22:28:56,663 - src.transformers.transform_past_starts - INFO -   Merging with 'pp_speed_rating_alt' (1870 rows)
2025-06-02 22:28:56,669 - src.transformers.transform_past_starts - INFO -   Shape after merge: (1870, 63)
2025-06-02 22:28:56,670 - src.transformers.transform_past_starts - INFO -   Merging with 'pp_track_variant' (1870 rows)
2025-06-02 22:28:56,676 - src.transformers.transform_past_starts - INFO -   Shape after merge: (1870, 64)
2025-06-02 22:28:56,678 - src.transformers.transform_past_starts - INFO -   Merging with 'pp_frac_2f' (1870 rows)
2025-06-02 22:28:56,685 - src.transformers.transform_past_starts - INFO -   Shape after merge: (1870, 65)
2025-06-02 22:28:56,686 - src.transformers.transform_past_starts - INFO -   Merging with 'pp_frac_3f' (1870 rows)
2025-06-02 22:28:56,692 - src.transformers.transform_past_starts - INFO -   Shape after merge: (1870, 66)
2025-06-02 22:28:56,694 - src.transformers.transform_past_starts - INFO -   Merging with 'pp_frac_4f' (1870 rows)
2025-06-02 22:28:56,701 - src.transformers.transform_past_starts - INFO -   Shape after merge: (1870, 67)
2025-06-02 22:28:56,703 - src.transformers.transform_past_starts - INFO -   Merging with 'pp_frac_5f' (1870 rows)
2025-06-02 22:28:56,708 - src.transformers.transform_past_starts - INFO -   Shape after merge: (1870, 68)
2025-06-02 22:28:56,710 - src.transformers.transform_past_starts - INFO -   Merging with 'pp_frac_6f' (1870 rows)
2025-06-02 22:28:56,718 - src.transformers.transform_past_starts - INFO -   Shape after merge: (1870, 69)
2025-06-02 22:28:56,719 - src.transformers.transform_past_starts - INFO -   Merging with 'pp_frac_7f' (1870 rows)
2025-06-02 22:28:56,725 - src.transformers.transform_past_starts - INFO -   Shape after merge: (1870, 70)
2025-06-02 22:28:56,726 - src.transformers.transform_past_starts - INFO -   Merging with 'pp_frac_8f' (1870 rows)
2025-06-02 22:28:56,735 - src.transformers.transform_past_starts - INFO -   Shape after merge: (1870, 71)
2025-06-02 22:28:56,736 - src.transformers.transform_past_starts - INFO -   Merging with 'pp_frac_10f' (1870 rows)
2025-06-02 22:28:56,742 - src.transformers.transform_past_starts - INFO -   Shape after merge: (1870, 72)
2025-06-02 22:28:56,744 - src.transformers.transform_past_starts - INFO -   Merging with 'pp_frac_12f' (1870 rows)
2025-06-02 22:28:56,751 - src.transformers.transform_past_starts - INFO -   Shape after merge: (1870, 73)
2025-06-02 22:28:56,752 - src.transformers.transform_past_starts - INFO -   Merging with 'pp_frac_14f' (1870 rows)
2025-06-02 22:28:56,758 - src.transformers.transform_past_starts - INFO -   Shape after merge: (1870, 74)
2025-06-02 22:28:56,759 - src.transformers.transform_past_starts - INFO -   Merging with 'pp_frac_16f' (1870 rows)
2025-06-02 22:28:56,766 - src.transformers.transform_past_starts - INFO -   Shape after merge: (1870, 75)
2025-06-02 22:28:56,767 - src.transformers.transform_past_starts - INFO -   Merging with 'pp_fraction_1' (1870 rows)
2025-06-02 22:28:56,774 - src.transformers.transform_past_starts - INFO -   Shape after merge: (1870, 76)
2025-06-02 22:28:56,775 - src.transformers.transform_past_starts - INFO -   Merging with 'pp_fraction_2' (1870 rows)
2025-06-02 22:28:56,783 - src.transformers.transform_past_starts - INFO -   Shape after merge: (1870, 77)
2025-06-02 22:28:56,784 - src.transformers.transform_past_starts - INFO -   Merging with 'pp_fraction_3' (1870 rows)
2025-06-02 22:28:56,790 - src.transformers.transform_past_starts - INFO -   Shape after merge: (1870, 78)
2025-06-02 22:28:56,791 - src.transformers.transform_past_starts - INFO -   Merging with 'pp_final_time' (1870 rows)
2025-06-02 22:28:56,798 - src.transformers.transform_past_starts - INFO -   Shape after merge: (1870, 79)
2025-06-02 22:28:56,800 - src.transformers.transform_past_starts - INFO -   Merging with 'pp_claimed_code' (1870 rows)
2025-06-02 22:28:56,807 - src.transformers.transform_past_starts - INFO -   Shape after merge: (1870, 80)
2025-06-02 22:28:56,809 - src.transformers.transform_past_starts - INFO -   Merging with 'pp_trainer' (1870 rows)
2025-06-02 22:28:56,817 - src.transformers.transform_past_starts - INFO -   Shape after merge: (1870, 81)
2025-06-02 22:28:56,818 - src.transformers.transform_past_starts - INFO -   Merging with 'pp_jockey' (1870 rows)
2025-06-02 22:28:56,824 - src.transformers.transform_past_starts - INFO -   Shape after merge: (1870, 82)
2025-06-02 22:28:56,825 - src.transformers.transform_past_starts - INFO -   Merging with 'pp_apprentice_allow' (1870 rows)
2025-06-02 22:28:56,834 - src.transformers.transform_past_starts - INFO -   Shape after merge: (1870, 83)
2025-06-02 22:28:56,835 - src.transformers.transform_past_starts - INFO -   Merging with 'pp_race_type' (1870 rows)
2025-06-02 22:28:56,842 - src.transformers.transform_past_starts - INFO -   Shape after merge: (1870, 84)
2025-06-02 22:28:56,843 - src.transformers.transform_past_starts - INFO -   Merging with 'pp_age_sex_restrict' (1870 rows)
2025-06-02 22:28:56,852 - src.transformers.transform_past_starts - INFO -   Shape after merge: (1870, 85)
2025-06-02 22:28:56,853 - src.transformers.transform_past_starts - INFO -   Merging with 'pp_statebred_flag' (1870 rows)
2025-06-02 22:28:56,859 - src.transformers.transform_past_starts - INFO -   Shape after merge: (1870, 86)
2025-06-02 22:28:56,860 - src.transformers.transform_past_starts - INFO -   Merging with 'pp_restricted_flag' (1870 rows)
2025-06-02 22:28:56,869 - src.transformers.transform_past_starts - INFO -   Shape after merge: (1870, 87)
2025-06-02 22:28:56,870 - src.transformers.transform_past_starts - INFO -   Merging with 'pp_favorite_indicator' (1870 rows)
2025-06-02 22:28:56,877 - src.transformers.transform_past_starts - INFO -   Shape after merge: (1870, 88)
2025-06-02 22:28:56,879 - src.transformers.transform_past_starts - INFO -   Merging with 'pp_front_bandages' (1870 rows)
2025-06-02 22:28:56,887 - src.transformers.transform_past_starts - INFO -   Shape after merge: (1870, 89)
2025-06-02 22:28:56,888 - src.transformers.transform_past_starts - INFO -   Merging with 'pp_bris_speed_par' (1870 rows)
2025-06-02 22:28:56,896 - src.transformers.transform_past_starts - INFO -   Shape after merge: (1870, 90)
2025-06-02 22:28:56,898 - src.transformers.transform_past_starts - INFO -   Merging with 'pp_bar_shoe' (1870 rows)
2025-06-02 22:28:56,905 - src.transformers.transform_past_starts - INFO -   Shape after merge: (1870, 91)
2025-06-02 22:28:56,906 - src.transformers.transform_past_starts - INFO -   Merging with 'pp_company_line' (1870 rows)
2025-06-02 22:28:56,914 - src.transformers.transform_past_starts - INFO -   Shape after merge: (1870, 92)
2025-06-02 22:28:56,915 - src.transformers.transform_past_starts - INFO -   Merging with 'pp_low_claiming' (1870 rows)
2025-06-02 22:28:56,922 - src.transformers.transform_past_starts - INFO -   Shape after merge: (1870, 93)
2025-06-02 22:28:56,923 - src.transformers.transform_past_starts - INFO -   Merging with 'pp_high_claiming' (1870 rows)
2025-06-02 22:28:56,934 - src.transformers.transform_past_starts - INFO -   Shape after merge: (1870, 94)
2025-06-02 22:28:56,935 - src.transformers.transform_past_starts - INFO -   Merging with 'pp_misc_code' (1870 rows)
2025-06-02 22:28:56,943 - src.transformers.transform_past_starts - INFO -   Shape after merge: (1870, 95)
2025-06-02 22:28:56,945 - src.transformers.transform_past_starts - INFO -   Merging with 'pp_ext_start_comment' (1870 rows)
2025-06-02 22:28:56,955 - src.transformers.transform_past_starts - INFO -   Shape after merge: (1870, 96)
2025-06-02 22:28:56,956 - src.transformers.transform_past_starts - INFO -   Merging with 'pp_sealed_track' (1870 rows)
2025-06-02 22:28:56,967 - src.transformers.transform_past_starts - INFO -   Shape after merge: (1870, 97)
2025-06-02 22:28:56,968 - src.transformers.transform_past_starts - INFO -   Merging with 'pp_aw_surface_flag' (1870 rows)
2025-06-02 22:28:56,979 - src.transformers.transform_past_starts - INFO -   Shape after merge: (1870, 98)
2025-06-02 22:28:56,981 - src.transformers.transform_past_starts - INFO -   Merging with 'pp_eqb_conditions' (1870 rows)
2025-06-02 22:28:56,993 - src.transformers.transform_past_starts - INFO -   Shape after merge: (1870, 99)
2025-06-02 22:28:57,055 - src.transformers.transform_past_starts - INFO -   Added 'pp_distance_type' classification to past starts.
2025-06-02 22:28:57,550 - src.transformers.transform_past_starts - INFO - Saving long format past performance data to: C:\Users\Larry\Documents\horse_racing_project\data\processed\past_starts_long_format.parquet
2025-06-02 22:28:57,576 - src.transformers.transform_past_starts - INFO - Save complete.
2025-06-02 22:28:57,577 - src.transformers.transform_past_starts - INFO - Output DataFrame Info:
2025-06-02 22:28:57,581 - src.transformers.transform_past_starts - INFO - --- Past Performance Reshaping Script Finished (2025-06-02 22:28:57 EDT) ---
2025-06-02 22:28:57,587 - __main__ - INFO - --- Step 4: Transforming past starts completed ---
2025-06-02 22:28:57,588 - __main__ - INFO - --- Step 5: Engineering features ---
2025-06-02 22:28:58,587 - __main__ - INFO - --- Step 5: Engineering features completed ---
2025-06-02 22:28:58,587 - __main__ - INFO - Running advanced fitness metrics...
2025-06-02 22:28:58,660 - src.transformers.advanced_fitness_metrics - INFO - Calculating all advanced fitness metrics...
2025-06-02 22:28:58,661 - src.transformers.advanced_fitness_metrics - INFO - Calculating Recovery Rate Index...
2025-06-02 22:28:58,804 - src.transformers.advanced_fitness_metrics - INFO - Calculating Form Momentum Score...
2025-06-02 22:28:59,040 - src.transformers.advanced_fitness_metrics - INFO - Calculating Cardiovascular Fitness Proxy...
2025-06-02 22:28:59,133 - src.transformers.advanced_fitness_metrics - INFO - Calculating Sectional Improvement Index...
2025-06-02 22:28:59,192 - src.transformers.advanced_fitness_metrics - INFO - Calculating Energy Distribution Profile...
2025-06-02 22:28:59,384 - src.transformers.advanced_fitness_metrics - INFO - Calculating Workout Fitness Indicators...
2025-06-02 22:28:59,580 - src.transformers.advanced_fitness_metrics - INFO - Calculated fitness metrics for 187 horses
2025-06-02 22:28:59,589 - src.transformers.advanced_fitness_metrics - INFO - Saved fitness metrics to data\processed\advanced_fitness_metrics.parquet
2025-06-02 22:28:59,607 - __main__ - INFO - Running sophisticated workout analysis...
2025-06-02 22:28:59,666 - src.transformers.sophisticated_workout_analysis - INFO - Calculating all workout metrics...
2025-06-02 22:28:59,667 - src.transformers.sophisticated_workout_analysis - INFO - Calculating workout quality scores...
2025-06-02 22:28:59,976 - src.transformers.sophisticated_workout_analysis - INFO - Identifying trainer intent signals...
2025-06-02 22:29:00,536 - src.transformers.sophisticated_workout_analysis - INFO - Analyzed workouts for 187 horses
2025-06-02 22:29:00,537 - src.transformers.sophisticated_workout_analysis - INFO - Generating trainer pattern report...
2025-06-02 22:29:00,537 - src.transformers.sophisticated_workout_analysis - INFO - Analyzing trainer-specific workout patterns...
2025-06-02 22:29:01,145 - src.transformers.sophisticated_workout_analysis - INFO - Analyzing work-to-race translation...
2025-06-02 22:29:02,938 - src.transformers.sophisticated_workout_analysis - INFO - Saved workout analysis to data\processed\sophisticated_workout_analysis.parquet
2025-06-02 22:29:02,941 - src.transformers.sophisticated_workout_analysis - INFO - Saved trainer patterns to data\processed\trainer_workout_patterns.csv
2025-06-02 22:29:02,943 - src.transformers.sophisticated_workout_analysis - INFO - Saved translation analysis to data\processed\workout_race_translation.csv
2025-06-02 22:29:02,967 - __main__ - INFO - Running advanced pace projection...
2025-06-02 22:29:03,018 - src.transformers.advanced_pace_projection - INFO - Generating comprehensive pace report...
2025-06-02 22:29:03,019 - src.transformers.advanced_pace_projection - INFO - Calculating multi-factor pace model...
2025-06-02 22:29:03,266 - src.transformers.advanced_pace_projection - INFO - Calculating pace pressure...
2025-06-02 22:29:03,267 - src.transformers.advanced_pace_projection - INFO - Calculating multi-factor pace model...
2025-06-02 22:29:03,540 - src.transformers.advanced_pace_projection - INFO - Calculating energy cost model...
2025-06-02 22:29:03,540 - src.transformers.advanced_pace_projection - INFO - Calculating multi-factor pace model...
2025-06-02 22:29:03,783 - src.transformers.advanced_pace_projection - INFO - Calculating pace pressure...
2025-06-02 22:29:03,784 - src.transformers.advanced_pace_projection - INFO - Calculating multi-factor pace model...
2025-06-02 22:29:04,077 - src.transformers.advanced_pace_projection - INFO - Classifying pace shapes...
2025-06-02 22:29:04,077 - src.transformers.advanced_pace_projection - INFO - Calculating pace pressure...
2025-06-02 22:29:04,077 - src.transformers.advanced_pace_projection - INFO - Calculating multi-factor pace model...
2025-06-02 22:29:04,350 - src.transformers.advanced_pace_projection - INFO - Calculating energy cost model...
2025-06-02 22:29:04,351 - src.transformers.advanced_pace_projection - INFO - Calculating multi-factor pace model...
2025-06-02 22:29:04,592 - src.transformers.advanced_pace_projection - INFO - Calculating pace pressure...
2025-06-02 22:29:04,592 - src.transformers.advanced_pace_projection - INFO - Calculating multi-factor pace model...
2025-06-02 22:29:04,919 - src.transformers.advanced_pace_projection - INFO - Calculating pace pressure...
2025-06-02 22:29:04,920 - src.transformers.advanced_pace_projection - INFO - Calculating multi-factor pace model...
2025-06-02 22:29:05,198 - src.transformers.advanced_pace_projection - INFO - Classifying pace shapes...
2025-06-02 22:29:05,198 - src.transformers.advanced_pace_projection - INFO - Calculating pace pressure...
2025-06-02 22:29:05,199 - src.transformers.advanced_pace_projection - INFO - Calculating multi-factor pace model...
2025-06-02 22:29:05,470 - src.transformers.advanced_pace_projection - INFO - Calculating energy cost model...
2025-06-02 22:29:05,471 - src.transformers.advanced_pace_projection - INFO - Calculating multi-factor pace model...
2025-06-02 22:29:05,712 - src.transformers.advanced_pace_projection - INFO - Calculating pace pressure...
2025-06-02 22:29:05,712 - src.transformers.advanced_pace_projection - INFO - Calculating multi-factor pace model...
2025-06-02 22:29:06,033 - src.transformers.advanced_pace_projection - INFO - Saved pace analysis to data\processed\advanced_pace_analysis.parquet
2025-06-02 22:29:06,061 - __main__ - INFO - Running multi-dimensional class assessment...
2025-06-02 22:29:06,110 - src.transformers.multi_dimensional_class_assessment - INFO - Generating comprehensive class report...
2025-06-02 22:29:06,110 - src.transformers.multi_dimensional_class_assessment - INFO - Calculating earnings-based class metrics...
2025-06-02 22:29:06,232 - src.transformers.multi_dimensional_class_assessment - INFO - Building race classification hierarchy...
2025-06-02 22:29:06,494 - src.transformers.multi_dimensional_class_assessment - INFO - Calculating hidden class indicators...
2025-06-02 22:29:06,681 - src.transformers.multi_dimensional_class_assessment - INFO - Calculating competitive level index...
2025-06-02 22:29:07,077 - src.transformers.multi_dimensional_class_assessment - INFO - Saved class assessment to data\processed\multi_dimensional_class_assessment.parquet
2025-06-02 22:29:07,105 - __main__ - INFO - Running form cycle detection...
2025-06-02 22:29:07,194 - src.transformers.form_cycle_detector - INFO - Generating comprehensive form cycle report...
2025-06-02 22:29:07,194 - src.transformers.form_cycle_detector - INFO - Analyzing beaten lengths trajectory...
2025-06-02 22:29:07,432 - src.transformers.form_cycle_detector - INFO - Analyzing position call patterns...
2025-06-02 22:29:07,851 - src.transformers.form_cycle_detector - INFO - Detecting form cycle patterns...
2025-06-02 22:29:08,006 - src.transformers.form_cycle_detector - INFO - Analyzing fractional time evolution...
2025-06-02 22:29:08,272 - src.transformers.form_cycle_detector - INFO - Calculating field-adjusted performance...
2025-06-02 22:29:08,405 - src.transformers.form_cycle_detector - INFO - Saved form cycle analysis to data\processed\form_cycle_analysis.parquet
2025-06-02 22:29:08,405 - src.transformers.form_cycle_detector - INFO - Analyzing beaten lengths trajectory...
2025-06-02 22:29:08,603 - src.transformers.form_cycle_detector - INFO - Detecting form cycle patterns...
2025-06-02 22:29:08,776 - __main__ - INFO - Running integrated analytics system...
2025-06-02 22:29:08,802 - __main__ - ERROR - Pipeline failed with an unexpected error: invalid syntax (integrated_analytics_system.py, line 1132)
Traceback (most recent call last):
  File "C:\Users\Larry\Documents\horse_racing_project\run_pipeline.py", line 154, in run_complete_pipeline
    from src.transformers.integrated_analytics_system import main as run_integrated_analytics
  File "C:\Users\Larry\Documents\horse_racing_project\src\transformers\integrated_analytics_system.py", line 1132
    row.get('workout_readiness_score', 0) > 70) and
                                                   ^
SyntaxError: invalid syntax
