2025-06-02 22:28:13,518 - __main__ - INFO - Pipeline started. Project Root: C:\Users\Larry\Documents\horse_racing_project
2025-06-02 22:28:13,518 - __main__ - INFO - Using settings: RAW_DATA_DIR=C:\Users\Larry\Documents\horse_racing_project\data\raw, PROCESSED_DATA_DIR=C:\Users\Larry\Documents\horse_racing_project\data\processed, CACHE_DIR=C:\Users\Larry\Documents\horse_racing_project\data\cache
2025-06-02 22:28:13,519 - __main__ - INFO - === Starting Horse Racing Data Pipeline ===
2025-06-02 22:28:13,519 - __main__ - INFO - Searching for DRF files in: C:\Users\Larry\Documents\horse_racing_project\data\raw with pattern: '*DRF'
2025-06-02 22:28:13,522 - __main__ - INFO - Using DRF file: CDX0503.DRF
2025-06-02 22:28:13,522 - __main__ - INFO - --- Step 1: Parsing DRF file (using src/parsers/bris_spec_new.py) ---
2025-06-02 22:28:13,522 - src.parsers.bris_spec_new - INFO - --- bris_spec_new.main() starting ---
2025-06-02 22:28:13,523 - src.parsers.bris_spec_new - INFO - Processing DRF file provided as argument: C:\Users\Larry\Documents\horse_racing_project\data\raw\CDX0503.DRF
2025-06-02 22:28:13,523 - src.parsers.bris_spec_new - INFO - Loading specification cache from: C:\Users\Larry\Documents\horse_racing_project\data\cache\bris_spec.pkl
2025-06-02 22:28:13,525 - src.parsers.bris_spec_new - INFO - Parsing field types from: C:\Users\Larry\Documents\horse_racing_project\data\raw\bris_dict.txt
2025-06-02 22:28:13,537 - src.parsers.bris_spec_new - INFO - Parsed types for 190 fields from bris_dict.txt.
2025-06-02 22:28:13,538 - src.parsers.bris_spec_new - INFO - 
Attempting to parse CDX0503.DRF as comma-delimited...
2025-06-02 22:28:13,538 - src.parsers.bris_spec_new - INFO - Excluding columns starting with 'reserved'. Using 1321 out of 1435 columns.
2025-06-02 22:28:13,645 - src.parsers.bris_spec_new - INFO - Parsing successful. Read 187 lines from CDX0503.DRF.
2025-06-02 22:28:13,645 - src.parsers.bris_spec_new - INFO - 
Identifying column types using parsed bris_dict.txt info...
2025-06-02 22:28:13,695 - src.parsers.bris_spec_new - INFO - Identified 123 numeric columns using spec.
2025-06-02 22:28:13,696 - src.parsers.bris_spec_new - INFO - Identified 21 date columns using spec.
2025-06-02 22:28:13,696 - src.parsers.bris_spec_new - INFO - 
Attempting data type conversions...
2025-06-02 22:28:13,698 - src.parsers.bris_spec_new - INFO - Converting 123 columns to numeric...
2025-06-02 22:28:13,724 - src.parsers.bris_spec_new - INFO - Successfully converted 123 numeric columns.
2025-06-02 22:28:13,724 - src.parsers.bris_spec_new - INFO - Converting 21 columns to datetime...
2025-06-02 22:28:13,736 - src.parsers.bris_spec_new - INFO - Successfully converted 21 date columns.
2025-06-02 22:28:13,750 - src.parsers.bris_spec_new - INFO - 
Saving the processed data to Parquet file: C:\Users\Larry\Documents\horse_racing_project\data\processed\parsed_race_data_full.parquet
2025-06-02 22:28:13,919 - src.parsers.bris_spec_new - INFO - 
Successfully saved final data to: C:\Users\Larry\Documents\horse_racing_project\data\processed\parsed_race_data_full.parquet
2025-06-02 22:28:13,919 - src.parsers.bris_spec_new - INFO - Final DataFrame shape: (187, 1332)
2025-06-02 22:28:13,919 - src.parsers.bris_spec_new - INFO - Final DataFrame Info:
2025-06-02 22:28:13,920 - src.parsers.bris_spec_new - INFO - --- bris_spec_new.main() finished ---
2025-06-02 22:28:13,922 - __main__ - INFO - --- Step 1: Parsing DRF file completed ---
2025-06-02 22:28:13,922 - __main__ - INFO - --- Step 2: Creating current race info ---
2025-06-02 22:28:13,979 - src.transformers.current_race_info - INFO - --- Creating Current Race Info File (2025-06-02 22:28:13 EDT) ---
2025-06-02 22:28:13,979 - src.transformers.current_race_info - INFO - Loading wide format data from: C:\Users\Larry\Documents\horse_racing_project\data\processed\parsed_race_data_full.parquet
2025-06-02 22:28:14,117 - src.transformers.current_race_info - INFO - Loaded wide data with shape: (187, 1332)
2025-06-02 22:28:14,124 - src.transformers.current_race_info - INFO - 
Dropping 1018 wide workout/past performance columns...
2025-06-02 22:28:14,137 - src.transformers.current_race_info - INFO - DataFrame shape after dropping columns: (187, 335)
2025-06-02 22:28:14,138 - src.transformers.current_race_info - INFO - Number of columns actually dropped: 997
2025-06-02 22:28:14,139 - src.transformers.current_race_info - INFO - 
Saving current race info data to: C:\Users\Larry\Documents\horse_racing_project\data\processed\current_race_info.parquet
2025-06-02 22:28:14,178 - src.transformers.current_race_info - INFO - Save complete.
2025-06-02 22:28:14,178 - src.transformers.current_race_info - INFO - 
Output DataFrame Info:
2025-06-02 22:28:14,179 - src.transformers.current_race_info - INFO - 
--- Script Finished (2025-06-02 22:28:14 EDT) ---
2025-06-02 22:28:14,181 - __main__ - INFO - --- Step 2: Creating current race info completed ---
2025-06-02 22:28:14,182 - __main__ - INFO - --- Step 3: Transforming workouts ---
2025-06-02 22:28:14,182 - src.transformers.transform_workouts - INFO - --- Starting Workout Data Reshaping (2025-06-02 22:28:14 EDT) ---
2025-06-02 22:28:14,291 - src.transformers.transform_workouts - INFO - Using ID Variables: ['track', 'race', 'post_position', 'horse_name']
2025-06-02 22:28:14,291 - src.transformers.transform_workouts - INFO - Reshaping workout data using specification (Field# -> Actual Column Label)...
2025-06-02 22:28:14,304 - src.transformers.transform_workouts - INFO - Concatenating data for all workouts...
2025-06-02 22:28:14,309 - src.transformers.transform_workouts - INFO - Raw concatenated workout data shape: (2244, 14)
2025-06-02 22:28:14,320 - src.transformers.transform_workouts - INFO - Saving long format workout data to: C:\Users\Larry\Documents\horse_racing_project\data\processed\workouts_long_format.parquet
2025-06-02 22:28:14,330 - src.transformers.transform_workouts - INFO - Save complete.
2025-06-02 22:28:14,330 - src.transformers.transform_workouts - INFO - Output DataFrame Info:
2025-06-02 22:28:14,334 - src.transformers.transform_workouts - INFO - --- Workout Reshaping Script Finished (2025-06-02 22:28:14 EDT) ---
2025-06-02 22:28:14,336 - __main__ - INFO - --- Step 3: Transforming workouts completed ---
2025-06-02 22:28:14,336 - __main__ - INFO - --- Step 4: Transforming past starts ---
2025-06-02 22:28:14,337 - src.transformers.transform_past_starts - INFO - --- Starting Past Performance Data Reshaping (2025-06-02 22:28:14 EDT) ---
2025-06-02 22:28:14,444 - src.transformers.transform_past_starts - INFO - Using ID Variables: ['track', 'race', 'post_position', 'horse_name']
2025-06-02 22:28:14,444 - src.transformers.transform_past_starts - INFO - Reshaping past performance data using specification and pd.melt...
2025-06-02 22:28:14,855 - src.transformers.transform_past_starts - INFO - Joining 94 melted metric DataFrames...
2025-06-02 22:28:14,856 - src.transformers.transform_past_starts - INFO -   Starting join with 'pp_race_date' (1870 rows)
2025-06-02 22:28:14,857 - src.transformers.transform_past_starts - INFO -   Merging with 'pp_days_since_prev' (1683 rows)
2025-06-02 22:28:14,861 - src.transformers.transform_past_starts - INFO -   Shape after merge: (1870, 7)
2025-06-02 22:28:14,862 - src.transformers.transform_past_starts - INFO -   Merging with 'pp_track_code' (1870 rows)
2025-06-02 22:28:14,866 - src.transformers.transform_past_starts - INFO -   Shape after merge: (1870, 8)
2025-06-02 22:28:14,868 - src.transformers.transform_past_starts - INFO -   Merging with 'pp_track_code_bris' (1870 rows)
2025-06-02 22:28:14,872 - src.transformers.transform_past_starts - INFO -   Shape after merge: (1870, 9)
2025-06-02 22:28:14,873 - src.transformers.transform_past_starts - INFO -   Merging with 'pp_race_num' (1870 rows)
2025-06-02 22:28:14,877 - src.transformers.transform_past_starts - INFO -   Shape after merge: (1870, 10)
2025-06-02 22:28:14,878 - src.transformers.transform_past_starts - INFO -   Merging with 'pp_track_condition' (1870 rows)
2025-06-02 22:28:14,882 - src.transformers.transform_past_starts - INFO -   Shape after merge: (1870, 11)
2025-06-02 22:28:14,883 - src.transformers.transform_past_starts - INFO -   Merging with 'pp_distance' (1870 rows)
2025-06-02 22:28:14,887 - src.transformers.transform_past_starts - INFO -   Shape after merge: (1870, 12)
2025-06-02 22:28:14,888 - src.transformers.transform_past_starts - INFO -   Merging with 'pp_surface' (1870 rows)
2025-06-02 22:28:14,891 - src.transformers.transform_past_starts - INFO -   Shape after merge: (1870, 13)
2025-06-02 22:28:14,892 - src.transformers.transform_past_starts - INFO -   Merging with 'pp_chute_indicator' (1870 rows)
2025-06-02 22:28:14,896 - src.transformers.transform_past_starts - INFO -   Shape after merge: (1870, 14)
2025-06-02 22:28:14,897 - src.transformers.transform_past_starts - INFO -   Merging with 'pp_num_entrants' (1870 rows)
2025-06-02 22:28:14,901 - src.transformers.transform_past_starts - INFO -   Shape after merge: (1870, 15)
2025-06-02 22:28:14,902 - src.transformers.transform_past_starts - INFO -   Merging with 'pp_post_position' (1870 rows)
2025-06-02 22:28:14,905 - src.transformers.transform_past_starts - INFO -   Shape after merge: (1870, 16)
2025-06-02 22:28:14,906 - src.transformers.transform_past_starts - INFO -   Merging with 'pp_equipment' (1870 rows)
2025-06-02 22:28:14,910 - src.transformers.transform_past_starts - INFO -   Shape after merge: (1870, 17)
2025-06-02 22:28:14,911 - src.transformers.transform_past_starts - INFO -   Merging with 'pp_racename' (1870 rows)
2025-06-02 22:28:14,917 - src.transformers.transform_past_starts - INFO -   Shape after merge: (1870, 18)
2025-06-02 22:28:14,918 - src.transformers.transform_past_starts - INFO -   Merging with 'pp_medication' (1870 rows)
2025-06-02 22:28:14,922 - src.transformers.transform_past_starts - INFO -   Shape after merge: (1870, 19)
2025-06-02 22:28:14,923 - src.transformers.transform_past_starts - INFO -   Merging with 'pp_trip_comment' (1870 rows)
2025-06-02 22:28:14,927 - src.transformers.transform_past_starts - INFO -   Shape after merge: (1870, 20)
2025-06-02 22:28:14,928 - src.transformers.transform_past_starts - INFO -   Merging with 'pp_winner_name' (1870 rows)
2025-06-02 22:28:14,933 - src.transformers.transform_past_starts - INFO -   Shape after merge: (1870, 21)
2025-06-02 22:28:14,934 - src.transformers.transform_past_starts - INFO -   Merging with 'pp_second_name' (1870 rows)
2025-06-02 22:28:14,938 - src.transformers.transform_past_starts - INFO -   Shape after merge: (1870, 22)
2025-06-02 22:28:14,939 - src.transformers.transform_past_starts - INFO -   Merging with 'pp_third_name' (1870 rows)
2025-06-02 22:28:14,943 - src.transformers.transform_past_starts - INFO -   Shape after merge: (1870, 23)
2025-06-02 22:28:14,944 - src.transformers.transform_past_starts - INFO -   Merging with 'pp_winner_weight' (1870 rows)
2025-06-02 22:28:14,949 - src.transformers.transform_past_starts - INFO -   Shape after merge: (1870, 24)
2025-06-02 22:28:14,950 - src.transformers.transform_past_starts - INFO -   Merging with 'pp_second_weight' (1870 rows)
2025-06-02 22:28:14,954 - src.transformers.transform_past_starts - INFO -   Shape after merge: (1870, 25)
2025-06-02 22:28:14,955 - src.transformers.transform_past_starts - INFO -   Merging with 'pp_third_weight' (1870 rows)
2025-06-02 22:28:14,959 - src.transformers.transform_past_starts - INFO -   Shape after merge: (1870, 26)
2025-06-02 22:28:14,960 - src.transformers.transform_past_starts - INFO -   Merging with 'pp_winner_margin' (1870 rows)
2025-06-02 22:28:14,966 - src.transformers.transform_past_starts - INFO -   Shape after merge: (1870, 27)
2025-06-02 22:28:14,968 - src.transformers.transform_past_starts - INFO -   Merging with 'pp_second_margin' (1870 rows)
2025-06-02 22:28:14,972 - src.transformers.transform_past_starts - INFO -   Shape after merge: (1870, 28)
2025-06-02 22:28:14,973 - src.transformers.transform_past_starts - INFO -   Merging with 'pp_third_margin' (1870 rows)
2025-06-02 22:28:14,977 - src.transformers.transform_past_starts - INFO -   Shape after merge: (1870, 29)
2025-06-02 22:28:14,978 - src.transformers.transform_past_starts - INFO -   Merging with 'pp_extra_comment' (1870 rows)
2025-06-02 22:28:14,983 - src.transformers.transform_past_starts - INFO -   Shape after merge: (1870, 30)
2025-06-02 22:28:14,984 - src.transformers.transform_past_starts - INFO -   Merging with 'pp_weight_carried' (1870 rows)
2025-06-02 22:28:14,989 - src.transformers.transform_past_starts - INFO -   Shape after merge: (1870, 31)
2025-06-02 22:28:14,990 - src.transformers.transform_past_starts - INFO -   Merging with 'pp_odds' (1870 rows)
2025-06-02 22:28:14,995 - src.transformers.transform_past_starts - INFO -   Shape after merge: (1870, 32)
2025-06-02 22:28:14,997 - src.transformers.transform_past_starts - INFO -   Merging with 'pp_entry_indicator' (1870 rows)
2025-06-02 22:28:15,001 - src.transformers.transform_past_starts - INFO -   Shape after merge: (1870, 33)
2025-06-02 22:28:15,003 - src.transformers.transform_past_starts - INFO -   Merging with 'pp_race_classification' (1870 rows)
2025-06-02 22:28:15,007 - src.transformers.transform_past_starts - INFO -   Shape after merge: (1870, 34)
2025-06-02 22:28:15,008 - src.transformers.transform_past_starts - INFO -   Merging with 'pp_claiming_price' (1870 rows)
2025-06-02 22:28:15,012 - src.transformers.transform_past_starts - INFO -   Shape after merge: (1870, 35)
2025-06-02 22:28:15,013 - src.transformers.transform_past_starts - INFO -   Merging with 'pp_purse' (1870 rows)
2025-06-02 22:28:15,018 - src.transformers.transform_past_starts - INFO -   Shape after merge: (1870, 36)
2025-06-02 22:28:15,020 - src.transformers.transform_past_starts - INFO -   Merging with 'pp_start_call_pos' (1870 rows)
2025-06-02 22:28:15,024 - src.transformers.transform_past_starts - INFO -   Shape after merge: (1870, 37)
2025-06-02 22:28:15,025 - src.transformers.transform_past_starts - INFO -   Merging with 'pp_first_call_pos' (1870 rows)
2025-06-02 22:28:15,030 - src.transformers.transform_past_starts - INFO -   Shape after merge: (1870, 38)
2025-06-02 22:28:15,031 - src.transformers.transform_past_starts - INFO -   Merging with 'pp_second_call_pos' (1870 rows)
2025-06-02 22:28:15,036 - src.transformers.transform_past_starts - INFO -   Shape after merge: (1870, 39)
2025-06-02 22:28:15,037 - src.transformers.transform_past_starts - INFO -   Merging with 'pp_gate_call_pos' (1870 rows)
2025-06-02 22:28:15,042 - src.transformers.transform_past_starts - INFO -   Shape after merge: (1870, 40)
2025-06-02 22:28:15,043 - src.transformers.transform_past_starts - INFO -   Merging with 'pp_stretch_pos' (1870 rows)
2025-06-02 22:28:15,048 - src.transformers.transform_past_starts - INFO -   Shape after merge: (1870, 41)
2025-06-02 22:28:15,049 - src.transformers.transform_past_starts - INFO -   Merging with 'pp_finish_pos' (1870 rows)
2025-06-02 22:28:15,054 - src.transformers.transform_past_starts - INFO -   Shape after merge: (1870, 42)
2025-06-02 22:28:15,055 - src.transformers.transform_past_starts - INFO -   Merging with 'pp_money_pos' (1870 rows)
2025-06-02 22:28:15,059 - src.transformers.transform_past_starts - INFO -   Shape after merge: (1870, 43)
2025-06-02 22:28:15,061 - src.transformers.transform_past_starts - INFO -   Merging with 'pp_start_lengths_leader' (1870 rows)
2025-06-02 22:28:15,067 - src.transformers.transform_past_starts - INFO -   Shape after merge: (1870, 44)
2025-06-02 22:28:15,068 - src.transformers.transform_past_starts - INFO -   Merging with 'pp_start_lengths_behind' (1870 rows)
2025-06-02 22:28:15,072 - src.transformers.transform_past_starts - INFO -   Shape after merge: (1870, 45)
2025-06-02 22:28:15,074 - src.transformers.transform_past_starts - INFO -   Merging with 'pp_first_call_lengths_leader' (1870 rows)
2025-06-02 22:28:15,079 - src.transformers.transform_past_starts - INFO -   Shape after merge: (1870, 46)
2025-06-02 22:28:15,080 - src.transformers.transform_past_starts - INFO -   Merging with 'pp_first_call_lengths_behind' (1870 rows)
2025-06-02 22:28:15,085 - src.transformers.transform_past_starts - INFO -   Shape after merge: (1870, 47)
2025-06-02 22:28:15,087 - src.transformers.transform_past_starts - INFO -   Merging with 'pp_second_call_lengths_leader' (1870 rows)
2025-06-02 22:28:15,091 - src.transformers.transform_past_starts - INFO -   Shape after merge: (1870, 48)
2025-06-02 22:28:15,092 - src.transformers.transform_past_starts - INFO -   Merging with 'pp_second_call_lengths_behind' (1870 rows)
2025-06-02 22:28:15,098 - src.transformers.transform_past_starts - INFO -   Shape after merge: (1870, 49)
2025-06-02 22:28:15,099 - src.transformers.transform_past_starts - INFO -   Merging with 'pp_bris_shape_1st_call' (1870 rows)
2025-06-02 22:28:15,104 - src.transformers.transform_past_starts - INFO -   Shape after merge: (1870, 50)
2025-06-02 22:28:15,105 - src.transformers.transform_past_starts - INFO -   Merging with 'pp_stretch_lengths_leader' (1870 rows)
2025-06-02 22:28:15,110 - src.transformers.transform_past_starts - INFO -   Shape after merge: (1870, 51)
2025-06-02 22:28:15,112 - src.transformers.transform_past_starts - INFO -   Merging with 'pp_stretch_lengths_behind' (1870 rows)
2025-06-02 22:28:15,117 - src.transformers.transform_past_starts - INFO -   Shape after merge: (1870, 52)
2025-06-02 22:28:15,118 - src.transformers.transform_past_starts - INFO -   Merging with 'pp_finish_lengths_winner' (1870 rows)
2025-06-02 22:28:15,124 - src.transformers.transform_past_starts - INFO -   Shape after merge: (1870, 53)
2025-06-02 22:28:15,126 - src.transformers.transform_past_starts - INFO -   Merging with 'pp_finish_lengths_behind' (1870 rows)
2025-06-02 22:28:15,132 - src.transformers.transform_past_starts - INFO -   Shape after merge: (1870, 54)
2025-06-02 22:28:15,134 - src.transformers.transform_past_starts - INFO -   Merging with 'pp_bris_shape_2nd_call' (1870 rows)
2025-06-02 22:28:15,139 - src.transformers.transform_past_starts - INFO -   Shape after merge: (1870, 55)
2025-06-02 22:28:15,140 - src.transformers.transform_past_starts - INFO -   Merging with 'pp_bris_2f_pace' (1870 rows)
2025-06-02 22:28:15,146 - src.transformers.transform_past_starts - INFO -   Shape after merge: (1870, 56)
2025-06-02 22:28:15,148 - src.transformers.transform_past_starts - INFO -   Merging with 'pp_bris_4f_pace' (1870 rows)
2025-06-02 22:28:15,154 - src.transformers.transform_past_starts - INFO -   Shape after merge: (1870, 57)
2025-06-02 22:28:15,155 - src.transformers.transform_past_starts - INFO -   Merging with 'pp_bris_6f_pace' (1870 rows)
2025-06-02 22:28:15,160 - src.transformers.transform_past_starts - INFO -   Shape after merge: (1870, 58)
2025-06-02 22:28:15,162 - src.transformers.transform_past_starts - INFO -   Merging with 'pp_bris_8f_pace' (1870 rows)
2025-06-02 22:28:15,168 - src.transformers.transform_past_starts - INFO -   Shape after merge: (1870, 59)
2025-06-02 22:28:15,169 - src.transformers.transform_past_starts - INFO -   Merging with 'pp_bris_10f_pace' (1870 rows)
2025-06-02 22:28:15,174 - src.transformers.transform_past_starts - INFO -   Shape after merge: (1870, 60)
2025-06-02 22:28:15,176 - src.transformers.transform_past_starts - INFO -   Merging with 'pp_bris_late_pace' (1870 rows)
2025-06-02 22:28:15,182 - src.transformers.transform_past_starts - INFO -   Shape after merge: (1870, 61)
2025-06-02 22:28:15,183 - src.transformers.transform_past_starts - INFO -   Merging with 'pp_bris_speed_rating' (1870 rows)
2025-06-02 22:28:15,189 - src.transformers.transform_past_starts - INFO -   Shape after merge: (1870, 62)
2025-06-02 22:28:15,191 - src.transformers.transform_past_starts - INFO -   Merging with 'pp_speed_rating_alt' (1870 rows)
2025-06-02 22:28:15,197 - src.transformers.transform_past_starts - INFO -   Shape after merge: (1870, 63)
2025-06-02 22:28:15,198 - src.transformers.transform_past_starts - INFO -   Merging with 'pp_track_variant' (1870 rows)
2025-06-02 22:28:15,204 - src.transformers.transform_past_starts - INFO -   Shape after merge: (1870, 64)
2025-06-02 22:28:15,205 - src.transformers.transform_past_starts - INFO -   Merging with 'pp_frac_2f' (1870 rows)
2025-06-02 22:28:15,211 - src.transformers.transform_past_starts - INFO -   Shape after merge: (1870, 65)
2025-06-02 22:28:15,212 - src.transformers.transform_past_starts - INFO -   Merging with 'pp_frac_3f' (1870 rows)
2025-06-02 22:28:15,218 - src.transformers.transform_past_starts - INFO -   Shape after merge: (1870, 66)
2025-06-02 22:28:15,219 - src.transformers.transform_past_starts - INFO -   Merging with 'pp_frac_4f' (1870 rows)
2025-06-02 22:28:15,225 - src.transformers.transform_past_starts - INFO -   Shape after merge: (1870, 67)
2025-06-02 22:28:15,227 - src.transformers.transform_past_starts - INFO -   Merging with 'pp_frac_5f' (1870 rows)
2025-06-02 22:28:15,236 - src.transformers.transform_past_starts - INFO -   Shape after merge: (1870, 68)
2025-06-02 22:28:15,237 - src.transformers.transform_past_starts - INFO -   Merging with 'pp_frac_6f' (1870 rows)
2025-06-02 22:28:15,242 - src.transformers.transform_past_starts - INFO -   Shape after merge: (1870, 69)
2025-06-02 22:28:15,244 - src.transformers.transform_past_starts - INFO -   Merging with 'pp_frac_7f' (1870 rows)
2025-06-02 22:28:15,251 - src.transformers.transform_past_starts - INFO -   Shape after merge: (1870, 70)
2025-06-02 22:28:15,252 - src.transformers.transform_past_starts - INFO -   Merging with 'pp_frac_8f' (1870 rows)
2025-06-02 22:28:15,258 - src.transformers.transform_past_starts - INFO -   Shape after merge: (1870, 71)
2025-06-02 22:28:15,259 - src.transformers.transform_past_starts - INFO -   Merging with 'pp_frac_10f' (1870 rows)
2025-06-02 22:28:15,266 - src.transformers.transform_past_starts - INFO -   Shape after merge: (1870, 72)
2025-06-02 22:28:15,267 - src.transformers.transform_past_starts - INFO -   Merging with 'pp_frac_12f' (1870 rows)
2025-06-02 22:28:15,273 - src.transformers.transform_past_starts - INFO -   Shape after merge: (1870, 73)
2025-06-02 22:28:15,274 - src.transformers.transform_past_starts - INFO -   Merging with 'pp_frac_14f' (1870 rows)
2025-06-02 22:28:15,283 - src.transformers.transform_past_starts - INFO -   Shape after merge: (1870, 74)
2025-06-02 22:28:15,284 - src.transformers.transform_past_starts - INFO -   Merging with 'pp_frac_16f' (1870 rows)
2025-06-02 22:28:15,290 - src.transformers.transform_past_starts - INFO -   Shape after merge: (1870, 75)
2025-06-02 22:28:15,292 - src.transformers.transform_past_starts - INFO -   Merging with 'pp_fraction_1' (1870 rows)
2025-06-02 22:28:15,299 - src.transformers.transform_past_starts - INFO -   Shape after merge: (1870, 76)
2025-06-02 22:28:15,301 - src.transformers.transform_past_starts - INFO -   Merging with 'pp_fraction_2' (1870 rows)
2025-06-02 22:28:15,307 - src.transformers.transform_past_starts - INFO -   Shape after merge: (1870, 77)
2025-06-02 22:28:15,308 - src.transformers.transform_past_starts - INFO -   Merging with 'pp_fraction_3' (1870 rows)
2025-06-02 22:28:15,316 - src.transformers.transform_past_starts - INFO -   Shape after merge: (1870, 78)
2025-06-02 22:28:15,318 - src.transformers.transform_past_starts - INFO -   Merging with 'pp_final_time' (1870 rows)
2025-06-02 22:28:15,324 - src.transformers.transform_past_starts - INFO -   Shape after merge: (1870, 79)
2025-06-02 22:28:15,325 - src.transformers.transform_past_starts - INFO -   Merging with 'pp_claimed_code' (1870 rows)
2025-06-02 22:28:15,332 - src.transformers.transform_past_starts - INFO -   Shape after merge: (1870, 80)
2025-06-02 22:28:15,333 - src.transformers.transform_past_starts - INFO -   Merging with 'pp_trainer' (1870 rows)
2025-06-02 22:28:15,339 - src.transformers.transform_past_starts - INFO -   Shape after merge: (1870, 81)
2025-06-02 22:28:15,340 - src.transformers.transform_past_starts - INFO -   Merging with 'pp_jockey' (1870 rows)
2025-06-02 22:28:15,349 - src.transformers.transform_past_starts - INFO -   Shape after merge: (1870, 82)
2025-06-02 22:28:15,350 - src.transformers.transform_past_starts - INFO -   Merging with 'pp_apprentice_allow' (1870 rows)
2025-06-02 22:28:15,357 - src.transformers.transform_past_starts - INFO -   Shape after merge: (1870, 83)
2025-06-02 22:28:15,358 - src.transformers.transform_past_starts - INFO -   Merging with 'pp_race_type' (1870 rows)
2025-06-02 22:28:15,366 - src.transformers.transform_past_starts - INFO -   Shape after merge: (1870, 84)
2025-06-02 22:28:15,367 - src.transformers.transform_past_starts - INFO -   Merging with 'pp_age_sex_restrict' (1870 rows)
2025-06-02 22:28:15,374 - src.transformers.transform_past_starts - INFO -   Shape after merge: (1870, 85)
2025-06-02 22:28:15,375 - src.transformers.transform_past_starts - INFO -   Merging with 'pp_statebred_flag' (1870 rows)
2025-06-02 22:28:15,383 - src.transformers.transform_past_starts - INFO -   Shape after merge: (1870, 86)
2025-06-02 22:28:15,384 - src.transformers.transform_past_starts - INFO -   Merging with 'pp_restricted_flag' (1870 rows)
2025-06-02 22:28:15,391 - src.transformers.transform_past_starts - INFO -   Shape after merge: (1870, 87)
2025-06-02 22:28:15,392 - src.transformers.transform_past_starts - INFO -   Merging with 'pp_favorite_indicator' (1870 rows)
2025-06-02 22:28:15,400 - src.transformers.transform_past_starts - INFO -   Shape after merge: (1870, 88)
2025-06-02 22:28:15,401 - src.transformers.transform_past_starts - INFO -   Merging with 'pp_front_bandages' (1870 rows)
2025-06-02 22:28:15,408 - src.transformers.transform_past_starts - INFO -   Shape after merge: (1870, 89)
2025-06-02 22:28:15,409 - src.transformers.transform_past_starts - INFO -   Merging with 'pp_bris_speed_par' (1870 rows)
2025-06-02 22:28:15,416 - src.transformers.transform_past_starts - INFO -   Shape after merge: (1870, 90)
2025-06-02 22:28:15,418 - src.transformers.transform_past_starts - INFO -   Merging with 'pp_bar_shoe' (1870 rows)
2025-06-02 22:28:15,425 - src.transformers.transform_past_starts - INFO -   Shape after merge: (1870, 91)
2025-06-02 22:28:15,426 - src.transformers.transform_past_starts - INFO -   Merging with 'pp_company_line' (1870 rows)
2025-06-02 22:28:15,434 - src.transformers.transform_past_starts - INFO -   Shape after merge: (1870, 92)
2025-06-02 22:28:15,435 - src.transformers.transform_past_starts - INFO -   Merging with 'pp_low_claiming' (1870 rows)
2025-06-02 22:28:15,442 - src.transformers.transform_past_starts - INFO -   Shape after merge: (1870, 93)
2025-06-02 22:28:15,443 - src.transformers.transform_past_starts - INFO -   Merging with 'pp_high_claiming' (1870 rows)
2025-06-02 22:28:15,451 - src.transformers.transform_past_starts - INFO -   Shape after merge: (1870, 94)
2025-06-02 22:28:15,452 - src.transformers.transform_past_starts - INFO -   Merging with 'pp_misc_code' (1870 rows)
2025-06-02 22:28:15,461 - src.transformers.transform_past_starts - INFO -   Shape after merge: (1870, 95)
2025-06-02 22:28:15,462 - src.transformers.transform_past_starts - INFO -   Merging with 'pp_ext_start_comment' (1870 rows)
2025-06-02 22:28:15,472 - src.transformers.transform_past_starts - INFO -   Shape after merge: (1870, 96)
2025-06-02 22:28:15,474 - src.transformers.transform_past_starts - INFO -   Merging with 'pp_sealed_track' (1870 rows)
2025-06-02 22:28:15,486 - src.transformers.transform_past_starts - INFO -   Shape after merge: (1870, 97)
2025-06-02 22:28:15,487 - src.transformers.transform_past_starts - INFO -   Merging with 'pp_aw_surface_flag' (1870 rows)
2025-06-02 22:28:15,498 - src.transformers.transform_past_starts - INFO -   Shape after merge: (1870, 98)
2025-06-02 22:28:15,500 - src.transformers.transform_past_starts - INFO -   Merging with 'pp_eqb_conditions' (1870 rows)
2025-06-02 22:28:15,510 - src.transformers.transform_past_starts - INFO -   Shape after merge: (1870, 99)
2025-06-02 22:28:15,572 - src.transformers.transform_past_starts - INFO -   Added 'pp_distance_type' classification to past starts.
2025-06-02 22:28:16,065 - src.transformers.transform_past_starts - INFO - Saving long format past performance data to: C:\Users\Larry\Documents\horse_racing_project\data\processed\past_starts_long_format.parquet
2025-06-02 22:28:16,091 - src.transformers.transform_past_starts - INFO - Save complete.
2025-06-02 22:28:16,091 - src.transformers.transform_past_starts - INFO - Output DataFrame Info:
2025-06-02 22:28:16,094 - src.transformers.transform_past_starts - INFO - --- Past Performance Reshaping Script Finished (2025-06-02 22:28:16 EDT) ---
2025-06-02 22:28:16,102 - __main__ - INFO - --- Step 4: Transforming past starts completed ---
2025-06-02 22:28:16,102 - __main__ - INFO - --- Step 5: Engineering features ---
2025-06-02 22:28:17,109 - __main__ - INFO - --- Step 5: Engineering features completed ---
2025-06-02 22:28:17,109 - __main__ - INFO - Running advanced fitness metrics...
2025-06-02 22:28:17,185 - src.transformers.advanced_fitness_metrics - INFO - Calculating all advanced fitness metrics...
2025-06-02 22:28:17,186 - src.transformers.advanced_fitness_metrics - INFO - Calculating Recovery Rate Index...
2025-06-02 22:28:17,329 - src.transformers.advanced_fitness_metrics - INFO - Calculating Form Momentum Score...
2025-06-02 22:28:17,567 - src.transformers.advanced_fitness_metrics - INFO - Calculating Cardiovascular Fitness Proxy...
2025-06-02 22:28:17,662 - src.transformers.advanced_fitness_metrics - INFO - Calculating Sectional Improvement Index...
2025-06-02 22:28:17,721 - src.transformers.advanced_fitness_metrics - INFO - Calculating Energy Distribution Profile...
2025-06-02 22:28:17,914 - src.transformers.advanced_fitness_metrics - INFO - Calculating Workout Fitness Indicators...
2025-06-02 22:28:18,117 - src.transformers.advanced_fitness_metrics - INFO - Calculated fitness metrics for 187 horses
2025-06-02 22:28:18,129 - src.transformers.advanced_fitness_metrics - INFO - Saved fitness metrics to data\processed\advanced_fitness_metrics.parquet
2025-06-02 22:28:18,145 - __main__ - INFO - Running sophisticated workout analysis...
2025-06-02 22:28:18,204 - src.transformers.sophisticated_workout_analysis - INFO - Calculating all workout metrics...
2025-06-02 22:28:18,204 - src.transformers.sophisticated_workout_analysis - INFO - Calculating workout quality scores...
2025-06-02 22:28:18,516 - src.transformers.sophisticated_workout_analysis - INFO - Identifying trainer intent signals...
2025-06-02 22:28:19,069 - src.transformers.sophisticated_workout_analysis - INFO - Analyzed workouts for 187 horses
2025-06-02 22:28:19,070 - src.transformers.sophisticated_workout_analysis - INFO - Generating trainer pattern report...
2025-06-02 22:28:19,071 - src.transformers.sophisticated_workout_analysis - INFO - Analyzing trainer-specific workout patterns...
2025-06-02 22:28:19,680 - src.transformers.sophisticated_workout_analysis - INFO - Analyzing work-to-race translation...
2025-06-02 22:28:21,488 - src.transformers.sophisticated_workout_analysis - INFO - Saved workout analysis to data\processed\sophisticated_workout_analysis.parquet
2025-06-02 22:28:21,490 - src.transformers.sophisticated_workout_analysis - INFO - Saved trainer patterns to data\processed\trainer_workout_patterns.csv
2025-06-02 22:28:21,491 - src.transformers.sophisticated_workout_analysis - INFO - Saved translation analysis to data\processed\workout_race_translation.csv
2025-06-02 22:28:21,513 - __main__ - INFO - Running advanced pace projection...
2025-06-02 22:28:21,562 - src.transformers.advanced_pace_projection - INFO - Generating comprehensive pace report...
2025-06-02 22:28:21,562 - src.transformers.advanced_pace_projection - INFO - Calculating multi-factor pace model...
2025-06-02 22:28:21,812 - src.transformers.advanced_pace_projection - INFO - Calculating pace pressure...
2025-06-02 22:28:21,813 - src.transformers.advanced_pace_projection - INFO - Calculating multi-factor pace model...
2025-06-02 22:28:22,094 - src.transformers.advanced_pace_projection - INFO - Calculating energy cost model...
2025-06-02 22:28:22,095 - src.transformers.advanced_pace_projection - INFO - Calculating multi-factor pace model...
2025-06-02 22:28:22,361 - src.transformers.advanced_pace_projection - INFO - Calculating pace pressure...
2025-06-02 22:28:22,361 - src.transformers.advanced_pace_projection - INFO - Calculating multi-factor pace model...
2025-06-02 22:28:22,692 - src.transformers.advanced_pace_projection - INFO - Classifying pace shapes...
2025-06-02 22:28:22,692 - src.transformers.advanced_pace_projection - INFO - Calculating pace pressure...
2025-06-02 22:28:22,692 - src.transformers.advanced_pace_projection - INFO - Calculating multi-factor pace model...
2025-06-02 22:28:22,967 - src.transformers.advanced_pace_projection - INFO - Calculating energy cost model...
2025-06-02 22:28:22,967 - src.transformers.advanced_pace_projection - INFO - Calculating multi-factor pace model...
2025-06-02 22:28:23,216 - src.transformers.advanced_pace_projection - INFO - Calculating pace pressure...
2025-06-02 22:28:23,217 - src.transformers.advanced_pace_projection - INFO - Calculating multi-factor pace model...
2025-06-02 22:28:23,556 - src.transformers.advanced_pace_projection - INFO - Calculating pace pressure...
2025-06-02 22:28:23,557 - src.transformers.advanced_pace_projection - INFO - Calculating multi-factor pace model...
2025-06-02 22:28:23,839 - src.transformers.advanced_pace_projection - INFO - Classifying pace shapes...
2025-06-02 22:28:23,839 - src.transformers.advanced_pace_projection - INFO - Calculating pace pressure...
2025-06-02 22:28:23,840 - src.transformers.advanced_pace_projection - INFO - Calculating multi-factor pace model...
2025-06-02 22:28:24,114 - src.transformers.advanced_pace_projection - INFO - Calculating energy cost model...
2025-06-02 22:28:24,114 - src.transformers.advanced_pace_projection - INFO - Calculating multi-factor pace model...
2025-06-02 22:28:24,364 - src.transformers.advanced_pace_projection - INFO - Calculating pace pressure...
2025-06-02 22:28:24,365 - src.transformers.advanced_pace_projection - INFO - Calculating multi-factor pace model...
2025-06-02 22:28:24,685 - src.transformers.advanced_pace_projection - INFO - Saved pace analysis to data\processed\advanced_pace_analysis.parquet
2025-06-02 22:28:24,714 - __main__ - INFO - Running multi-dimensional class assessment...
2025-06-02 22:28:24,767 - src.transformers.multi_dimensional_class_assessment - INFO - Generating comprehensive class report...
2025-06-02 22:28:24,768 - src.transformers.multi_dimensional_class_assessment - INFO - Calculating earnings-based class metrics...
2025-06-02 22:28:24,887 - src.transformers.multi_dimensional_class_assessment - INFO - Building race classification hierarchy...
2025-06-02 22:28:25,146 - src.transformers.multi_dimensional_class_assessment - INFO - Calculating hidden class indicators...
2025-06-02 22:28:25,337 - src.transformers.multi_dimensional_class_assessment - INFO - Calculating competitive level index...
2025-06-02 22:28:25,727 - src.transformers.multi_dimensional_class_assessment - INFO - Saved class assessment to data\processed\multi_dimensional_class_assessment.parquet
2025-06-02 22:28:25,758 - __main__ - INFO - Running form cycle detection...
2025-06-02 22:28:25,859 - src.transformers.form_cycle_detector - INFO - Generating comprehensive form cycle report...
2025-06-02 22:28:25,859 - src.transformers.form_cycle_detector - INFO - Analyzing beaten lengths trajectory...
2025-06-02 22:28:26,076 - src.transformers.form_cycle_detector - INFO - Analyzing position call patterns...
2025-06-02 22:28:26,506 - src.transformers.form_cycle_detector - INFO - Detecting form cycle patterns...
2025-06-02 22:28:26,656 - src.transformers.form_cycle_detector - INFO - Analyzing fractional time evolution...
2025-06-02 22:28:26,923 - src.transformers.form_cycle_detector - INFO - Calculating field-adjusted performance...
2025-06-02 22:28:27,063 - src.transformers.form_cycle_detector - INFO - Saved form cycle analysis to data\processed\form_cycle_analysis.parquet
2025-06-02 22:28:27,064 - src.transformers.form_cycle_detector - INFO - Analyzing beaten lengths trajectory...
2025-06-02 22:28:27,264 - src.transformers.form_cycle_detector - INFO - Detecting form cycle patterns...
2025-06-02 22:28:27,436 - __main__ - INFO - Running integrated analytics system...
2025-06-02 22:28:27,466 - __main__ - ERROR - Pipeline failed with an unexpected error: unmatched ')' (integrated_analytics_system.py, line 1134)
Traceback (most recent call last):
  File "C:\Users\Larry\Documents\horse_racing_project\run_pipeline.py", line 154, in run_complete_pipeline
    from src.transformers.integrated_analytics_system import main as run_integrated_analytics
  File "C:\Users\Larry\Documents\horse_racing_project\src\transformers\integrated_analytics_system.py", line 1134
    row.get('handles_layoffs_well') == True):
                                           ^
SyntaxError: unmatched ')'
